Log file open, 04/14/20 00:01:46
LogWindows: Failed to load 'aqProf.dll' (GetLastError=126)
LogWindows: File 'aqProf.dll' does not exist
LogWindows: Failed to load 'VtuneApi.dll' (GetLastError=126)
LogWindows: File 'VtuneApi.dll' does not exist
LogWindows: Failed to load 'VtuneApi32e.dll' (GetLastError=126)
LogWindows: File 'VtuneApi32e.dll' does not exist
LogConsoleResponse: Display: Failed to find resolution value strings in scalability ini. Falling back to default.
LogInit: Display: Running engine for game: DungeonTeam_9
LogPakFile: Registered encryption key '00000000000000000000000000000000': 0 pak files mounted, 0 remain pending
LogPlatformFile: Not using cached read wrapper
LogTaskGraph: Started task graph with 5 named threads and 47 total threads with 3 sets of task threads.
LogStats: Stats thread started at 0.606241
LogD3D11RHI: Loaded GFSDK_Aftermath_Lib.x64.dll
LogICUInternationalization: ICU TimeZone Detection - Raw Offset: -5:00, Platform Override: ''
LogPluginManager: Mounting plugin Paper2D
LogPluginManager: Mounting plugin AISupport
LogPluginManager: Mounting plugin LightPropagationVolume
LogPluginManager: Mounting plugin ActorLayerUtilities
LogPluginManager: Mounting plugin AnimationSharing
LogPluginManager: Mounting plugin CLionSourceCodeAccess
LogPluginManager: Mounting plugin CodeLiteSourceCodeAccess
LogPluginManager: Mounting plugin GitSourceControl
LogPluginManager: Mounting plugin KDevelopSourceCodeAccess
LogPluginManager: Mounting plugin NullSourceCodeAccess
LogPluginManager: Mounting plugin PerforceSourceControl
LogPluginManager: Mounting plugin SubversionSourceControl
LogPluginManager: Mounting plugin UObjectPlugin
LogPluginManager: Mounting plugin VisualStudioCodeSourceCodeAccess
LogPluginManager: Mounting plugin VisualStudioSourceCodeAccess
LogPluginManager: Mounting plugin XCodeSourceCodeAccess
LogPluginManager: Mounting plugin AssetManagerEditor
LogPluginManager: Mounting plugin CryptoKeys
LogPluginManager: Mounting plugin DataValidation
LogPluginManager: Mounting plugin FacialAnimation
LogPluginManager: Mounting plugin GameplayTagsEditor
LogPluginManager: Mounting plugin MacGraphicsSwitching
LogPluginManager: Mounting plugin MaterialAnalyzer
LogPluginManager: Mounting plugin MobileLauncherProfileWizard
LogPluginManager: Mounting plugin PluginBrowser
LogPluginManager: Mounting plugin SpeedTreeImporter
LogPluginManager: Mounting plugin DatasmithContent
LogPluginManager: Mounting plugin VariantManagerContent
LogPluginManager: Mounting plugin AlembicImporter
LogPluginManager: Mounting plugin AppleImageUtils
LogPluginManager: Mounting plugin AppleVision
LogPluginManager: Mounting plugin BackChannel
LogPluginManager: Mounting plugin CharacterAI
LogPluginManager: Mounting plugin GeometryCache
LogPluginManager: Mounting plugin HTML5Networking
LogPluginManager: Mounting plugin ProxyLODPlugin
LogPluginManager: Mounting plugin SkeletalReduction
LogPluginManager: Mounting plugin MagicLeap
LogPluginManager: Mounting plugin MagicLeapMedia
LogPluginManager: Mounting plugin AndroidMedia
LogPluginManager: Mounting plugin AvfMedia
LogPluginManager: Mounting plugin ImgMedia
LogPluginManager: Mounting plugin LinearTimecode
LogPluginManager: Mounting plugin MediaCompositing
LogPluginManager: Mounting plugin MediaPlayerEditor
LogPluginManager: Mounting plugin WebMMedia
LogPluginManager: Mounting plugin WmfMedia
LogPluginManager: Mounting plugin TcpMessaging
LogPluginManager: Mounting plugin UdpMessaging
LogPluginManager: Mounting plugin ActorSequence
LogPluginManager: Mounting plugin LevelSequenceEditor
LogPluginManager: Mounting plugin MatineeToLevelSequence
LogPluginManager: Mounting plugin NetcodeUnitTest
LogPluginManager: Mounting plugin NUTUnrealEngine4
LogPluginManager: Mounting plugin OnlineSubsystemGooglePlay
LogPluginManager: Mounting plugin OnlineSubsystemIOS
LogPluginManager: Mounting plugin OnlineSubsystem
LogPluginManager: Mounting plugin OnlineSubsystemNull
LogPluginManager: Mounting plugin OnlineSubsystemUtils
LogPluginManager: Mounting plugin LauncherChunkInstaller
LogPluginManager: Mounting plugin AndroidDeviceProfileSelector
LogPluginManager: Mounting plugin AndroidMoviePlayer
LogPluginManager: Mounting plugin AndroidPermission
LogPluginManager: Mounting plugin AppleMoviePlayer
LogPluginManager: Mounting plugin ArchVisCharacter
LogPluginManager: Mounting plugin AudioCapture
LogPluginManager: Mounting plugin CableComponent
LogPluginManager: Mounting plugin CustomMeshComponent
LogPluginManager: Mounting plugin EditableMesh
LogPluginManager: Mounting plugin ExampleDeviceProfileSelector
LogPluginManager: Mounting plugin Firebase
LogPluginManager: Mounting plugin GoogleCloudMessaging
LogPluginManager: Mounting plugin IOSDeviceProfileSelector
LogPluginManager: Mounting plugin LinuxDeviceProfileSelector
LogPluginManager: Mounting plugin LocationServicesBPLibrary
LogPluginManager: Mounting plugin MobilePatchingUtils
LogPluginManager: Mounting plugin OculusVR
LogPluginManager: Mounting plugin PhysXVehicles
LogPluginManager: Mounting plugin ProceduralMeshComponent
LogPluginManager: Mounting plugin RuntimePhysXCooking
LogPluginManager: Mounting plugin SignificanceManager
LogPluginManager: Mounting plugin SteamVR
LogPluginManager: Mounting plugin WebMMoviePlayer
LogPluginManager: Mounting plugin WindowsMoviePlayer
LogInit: Using libcurl 7.55.1-DEV
LogInit:  - built for x86_64-pc-win32
LogInit:  - supports SSL with OpenSSL/1.1.1
LogInit:  - supports HTTP deflate (compression) using libz 1.2.8
LogInit:  - other features:
LogInit:      CURL_VERSION_SSL
LogInit:      CURL_VERSION_LIBZ
LogInit:      CURL_VERSION_IPV6
LogInit:      CURL_VERSION_ASYNCHDNS
LogInit:      CURL_VERSION_LARGEFILE
LogInit:      CURL_VERSION_IDN
LogInit:  CurlRequestOptions (configurable via config and command line):
LogInit:  - bVerifyPeer = true  - Libcurl will verify peer certificate
LogInit:  - bUseHttpProxy = false  - Libcurl will NOT use HTTP proxy
LogInit:  - bDontReuseConnections = false  - Libcurl will reuse connections
LogInit:  - MaxHostConnections = 16  - Libcurl will limit the number of connections to a host
LogInit:  - LocalHostAddr = Default
LogInit:  - BufferSize = 65536
LogInit: WinSock: version 1.1 (2.2), MaxSocks=32767, MaxUdp=65467
LogHMD: Failed initializing OVRPlugin 1.32.0
LogInit: Build: ++UE4+Release-4.22-CL-7053642
LogInit: Engine Version: 4.22.3-7053642+++UE4+Release-4.22
LogInit: Compatible Engine Version: 4.22.0-5660361+++UE4+Release-4.22
LogInit: Net CL: 5660361
LogInit: OS: Windows 10 (Release 1903) (), CPU: AMD Ryzen 7 2700X Eight-Core Processor         , GPU: NVIDIA GeForce RTX 2070 SUPER
LogInit: Compiled (64-bit): Jun 18 2019 03:09:11
LogInit: Compiled with Visual C++: 19.16.27025.01
LogInit: Build Configuration: Development
LogInit: Branch Name: ++UE4+Release-4.22
LogInit: Command Line: 
LogInit: Base Directory: E:/Epic/UE_4.22/Engine/Binaries/Win64/
LogInit: Installed Engine Build: 1
LogDevObjectVersion: Number of dev versions registered: 23
LogDevObjectVersion:   Dev-Blueprints (B0D832E4-1F89-4F0D-ACCF-7EB736FD4AA2): 10
LogDevObjectVersion:   Dev-Build (E1C64328-A22C-4D53-A36C-8E866417BD8C): 0
LogDevObjectVersion:   Dev-Core (375EC13C-06E4-48FB-B500-84F0262A717E): 3
LogDevObjectVersion:   Dev-Editor (E4B068ED-F494-42E9-A231-DA0B2E46BB41): 30
LogDevObjectVersion:   Dev-Framework (CFFC743F-43B0-4480-9391-14DF171D2073): 35
LogDevObjectVersion:   Dev-Mobile (B02B49B5-BB20-44E9-A304-32B752E40360): 2
LogDevObjectVersion:   Dev-Networking (A4E4105C-59A1-49B5-A7C5-40C4547EDFEE): 0
LogDevObjectVersion:   Dev-Online (39C831C9-5AE6-47DC-9A44-9C173E1C8E7C): 0
LogDevObjectVersion:   Dev-Physics (78F01B33-EBEA-4F98-B9B4-84EACCB95AA2): 0
LogDevObjectVersion:   Dev-Platform (6631380F-2D4D-43E0-8009-CF276956A95A): 0
LogDevObjectVersion:   Dev-Rendering (12F88B9F-8875-4AFC-A67C-D90C383ABD29): 28
LogDevObjectVersion:   Dev-Sequencer (7B5AE74C-D270-4C10-A958-57980B212A5A): 11
LogDevObjectVersion:   Dev-VR (D7296918-1DD6-4BDD-9DE2-64A83CC13884): 2
LogDevObjectVersion:   Dev-LoadTimes (C2A15278-BFE7-4AFE-6C17-90FF531DF755): 1
LogDevObjectVersion:   Private-Geometry (6EACA3D4-40EC-4CC1-B786-8BED09428FC5): 3
LogDevObjectVersion:   Dev-AnimPhys (29E575DD-E0A3-4627-9D10-D276232CDCEA): 17
LogDevObjectVersion:   Dev-Anim (AF43A65D-7FD3-4947-9873-3E8ED9C1BB05): 2
LogDevObjectVersion:   Dev-ReflectionCapture (6B266CEC-1EC7-4B8F-A30B-E4D90942FC07): 1
LogDevObjectVersion:   Dev-Automation (0DF73D61-A23F-47EA-B727-89E90C41499A): 1
LogDevObjectVersion:   FortniteMain (601D1886-AC64-4F84-AA16-D3DE0DEAC7D6): 25
LogDevObjectVersion:   Dev-Enterprise (9DFFBCD6-494F-0158-E221-12823C92A888): 6
LogDevObjectVersion:   Dev-Niagara (F2AED0AC-9AFE-416F-8664-AA7FFA26D6FC): 1
LogDevObjectVersion:   Dev-Destruction (174F1F0B-B4C6-45A5-B13F-2EE8D0FB917D): 2
LogInit: Presizing for max 16777216 objects, including 0 objects not considered by GC, pre-allocating 0 bytes for permanent pool.
LogInit: Object subsystem initialized
LogConfig: Setting CVar [[con.DebugEarlyDefault:1]]
LogConfig: Setting CVar [[r.setres:1280x720]]
[2020.04.14-04.01.49:587][  0]LogConfig: Setting CVar [[r.VSync:0]]
[2020.04.14-04.01.49:587][  0]LogConfig: Setting CVar [[r.RHICmdBypass:0]]
[2020.04.14-04.01.49:587][  0]LogConfig: Applying CVar settings from Section [/Script/Engine.RendererSettings] File [D:/Unreal/DungeonTeam_9/DungeonTeam_9/DungeonTeam_9/Saved/Config/Windows/Engine.ini]
[2020.04.14-04.01.49:587][  0]LogConfig: Setting CVar [[r.GPUCrashDebugging:0]]
[2020.04.14-04.01.49:587][  0]LogConfig: Applying CVar settings from Section [/Script/Engine.RendererOverrideSettings] File [D:/Unreal/DungeonTeam_9/DungeonTeam_9/DungeonTeam_9/Saved/Config/Windows/Engine.ini]
[2020.04.14-04.01.49:587][  0]LogConfig: Applying CVar settings from Section [/Script/Engine.StreamingSettings] File [D:/Unreal/DungeonTeam_9/DungeonTeam_9/DungeonTeam_9/Saved/Config/Windows/Engine.ini]
[2020.04.14-04.01.49:587][  0]LogConfig: Setting CVar [[s.MinBulkDataSizeForAsyncLoading:131072]]
[2020.04.14-04.01.49:587][  0]LogConfig: Setting CVar [[s.AsyncLoadingThreadEnabled:0]]
[2020.04.14-04.01.49:587][  0]LogConfig: Setting CVar [[s.EventDrivenLoaderEnabled:1]]
[2020.04.14-04.01.49:587][  0]LogConfig: Setting CVar [[s.WarnIfTimeLimitExceeded:0]]
[2020.04.14-04.01.49:587][  0]LogConfig: Setting CVar [[s.TimeLimitExceededMultiplier:1.5]]
[2020.04.14-04.01.49:587][  0]LogConfig: Setting CVar [[s.TimeLimitExceededMinTime:0.005]]
[2020.04.14-04.01.49:587][  0]LogConfig: Setting CVar [[s.UseBackgroundLevelStreaming:1]]
[2020.04.14-04.01.49:587][  0]LogConfig: Setting CVar [[s.PriorityAsyncLoadingExtraTime:15.0]]
[2020.04.14-04.01.49:587][  0]LogConfig: Setting CVar [[s.LevelStreamingActorsUpdateTimeLimit:5.0]]
[2020.04.14-04.01.49:587][  0]LogConfig: Setting CVar [[s.PriorityLevelStreamingActorsUpdateExtraTime:5.0]]
[2020.04.14-04.01.49:588][  0]LogConfig: Setting CVar [[s.LevelStreamingComponentsRegistrationGranularity:10]]
[2020.04.14-04.01.49:588][  0]LogConfig: Setting CVar [[s.UnregisterComponentsTimeLimit:1.0]]
[2020.04.14-04.01.49:588][  0]LogConfig: Setting CVar [[s.LevelStreamingComponentsUnregistrationGranularity:5]]
[2020.04.14-04.01.49:588][  0]LogConfig: Applying CVar settings from Section [/Script/Engine.GarbageCollectionSettings] File [D:/Unreal/DungeonTeam_9/DungeonTeam_9/DungeonTeam_9/Saved/Config/Windows/Engine.ini]
[2020.04.14-04.01.49:588][  0]LogConfig: Setting CVar [[gc.MaxObjectsNotConsideredByGC:1]]
[2020.04.14-04.01.49:588][  0]LogConfig: Setting CVar [[gc.SizeOfPermanentObjectPool:0]]
[2020.04.14-04.01.49:588][  0]LogConfig: Setting CVar [[gc.FlushStreamingOnGC:0]]
[2020.04.14-04.01.49:588][  0]LogConfig: Setting CVar [[gc.NumRetriesBeforeForcingGC:10]]
[2020.04.14-04.01.49:588][  0]LogConfig: Setting CVar [[gc.AllowParallelGC:1]]
[2020.04.14-04.01.49:588][  0]LogConfig: Setting CVar [[gc.TimeBetweenPurgingPendingKillObjects:61.1]]
[2020.04.14-04.01.49:588][  0]LogConfig: Setting CVar [[gc.MaxObjectsInEditor:16777216]]
[2020.04.14-04.01.49:588][  0]LogConfig: Setting CVar [[gc.IncrementalBeginDestroyEnabled:1]]
[2020.04.14-04.01.49:588][  0]LogConfig: Setting CVar [[gc.CreateGCClusters:1]]
[2020.04.14-04.01.49:588][  0]LogConfig: Setting CVar [[gc.MinGCClusterSize:5]]
[2020.04.14-04.01.49:588][  0]LogConfig: Setting CVar [[gc.ActorClusteringEnabled:0]]
[2020.04.14-04.01.49:588][  0]LogConfig: Setting CVar [[gc.BlueprintClusteringEnabled:0]]
[2020.04.14-04.01.49:588][  0]LogConfig: Setting CVar [[gc.UseDisregardForGCOnDedicatedServers:0]]
[2020.04.14-04.01.49:588][  0]LogConfig: Applying CVar settings from Section [/Script/Engine.NetworkSettings] File [D:/Unreal/DungeonTeam_9/DungeonTeam_9/DungeonTeam_9/Saved/Config/Windows/Engine.ini]
[2020.04.14-04.01.49:588][  0]LogConfig: Applying CVar settings from Section [/Script/UnrealEd.CookerSettings] File [D:/Unreal/DungeonTeam_9/DungeonTeam_9/DungeonTeam_9/Saved/Config/Windows/Engine.ini]
[2020.04.14-04.01.49:615][  0]LogConfig: Applying CVar settings from Section [ViewDistanceQuality@3] File [D:/Unreal/DungeonTeam_9/DungeonTeam_9/DungeonTeam_9/Saved/Config/Windows/Scalability.ini]
[2020.04.14-04.01.49:615][  0]LogConfig: Setting CVar [[r.SkeletalMeshLODBias:0]]
[2020.04.14-04.01.49:615][  0]LogConfig: Setting CVar [[r.ViewDistanceScale:1.0]]
[2020.04.14-04.01.49:615][  0]LogConfig: Applying CVar settings from Section [AntiAliasingQuality@3] File [D:/Unreal/DungeonTeam_9/DungeonTeam_9/DungeonTeam_9/Saved/Config/Windows/Scalability.ini]
[2020.04.14-04.01.49:615][  0]LogConfig: Setting CVar [[r.PostProcessAAQuality:4]]
[2020.04.14-04.01.49:615][  0]LogConfig: Applying CVar settings from Section [ShadowQuality@3] File [D:/Unreal/DungeonTeam_9/DungeonTeam_9/DungeonTeam_9/Saved/Config/Windows/Scalability.ini]
[2020.04.14-04.01.49:615][  0]LogConfig: Setting CVar [[r.LightFunctionQuality:1]]
[2020.04.14-04.01.49:615][  0]LogConfig: Setting CVar [[r.ShadowQuality:5]]
[2020.04.14-04.01.49:615][  0]LogConfig: Setting CVar [[r.Shadow.CSM.MaxCascades:10]]
[2020.04.14-04.01.49:615][  0]LogConfig: Setting CVar [[r.Shadow.MaxResolution:2048]]
[2020.04.14-04.01.49:615][  0]LogConfig: Setting CVar [[r.Shadow.MaxCSMResolution:2048]]
[2020.04.14-04.01.49:615][  0]LogConfig: Setting CVar [[r.Shadow.RadiusThreshold:0.01]]
[2020.04.14-04.01.49:615][  0]LogConfig: Setting CVar [[r.Shadow.DistanceScale:1.0]]
[2020.04.14-04.01.49:615][  0]LogConfig: Setting CVar [[r.Shadow.CSM.TransitionScale:1.0]]
[2020.04.14-04.01.49:615][  0]LogConfig: Setting CVar [[r.Shadow.PreShadowResolutionFactor:1.0]]
[2020.04.14-04.01.49:615][  0]LogConfig: Setting CVar [[r.DistanceFieldShadowing:1]]
[2020.04.14-04.01.49:615][  0]LogConfig: Setting CVar [[r.DistanceFieldAO:1]]
[2020.04.14-04.01.49:615][  0]LogConfig: Setting CVar [[r.AOQuality:2]]
[2020.04.14-04.01.49:615][  0]LogConfig: Setting CVar [[r.VolumetricFog:1]]
[2020.04.14-04.01.49:615][  0]LogConfig: Setting CVar [[r.VolumetricFog.GridPixelSize:8]]
[2020.04.14-04.01.49:615][  0]LogConfig: Setting CVar [[r.VolumetricFog.GridSizeZ:128]]
[2020.04.14-04.01.49:615][  0]LogConfig: Setting CVar [[r.VolumetricFog.HistoryMissSupersampleCount:4]]
[2020.04.14-04.01.49:616][  0]LogConfig: Setting CVar [[r.LightMaxDrawDistanceScale:1]]
[2020.04.14-04.01.49:616][  0]LogConfig: Setting CVar [[r.CapsuleShadows:1]]
[2020.04.14-04.01.49:616][  0]LogConfig: Applying CVar settings from Section [PostProcessQuality@3] File [D:/Unreal/DungeonTeam_9/DungeonTeam_9/DungeonTeam_9/Saved/Config/Windows/Scalability.ini]
[2020.04.14-04.01.49:616][  0]LogConfig: Setting CVar [[r.MotionBlurQuality:4]]
[2020.04.14-04.01.49:616][  0]LogConfig: Setting CVar [[r.AmbientOcclusionMipLevelFactor:0.4]]
[2020.04.14-04.01.49:616][  0]LogConfig: Setting CVar [[r.AmbientOcclusionMaxQuality:100]]
[2020.04.14-04.01.49:616][  0]LogConfig: Setting CVar [[r.AmbientOcclusionLevels:-1]]
[2020.04.14-04.01.49:616][  0]LogConfig: Setting CVar [[r.AmbientOcclusionRadiusScale:1.0]]
[2020.04.14-04.01.49:616][  0]LogConfig: Setting CVar [[r.DepthOfFieldQuality:2]]
[2020.04.14-04.01.49:616][  0]LogConfig: Setting CVar [[r.RenderTargetPoolMin:400]]
[2020.04.14-04.01.49:616][  0]LogConfig: Setting CVar [[r.LensFlareQuality:2]]
[2020.04.14-04.01.49:616][  0]LogConfig: Setting CVar [[r.SceneColorFringeQuality:1]]
[2020.04.14-04.01.49:616][  0]LogConfig: Setting CVar [[r.EyeAdaptationQuality:2]]
[2020.04.14-04.01.49:616][  0]LogConfig: Setting CVar [[r.BloomQuality:5]]
[2020.04.14-04.01.49:616][  0]LogConfig: Setting CVar [[r.FastBlurThreshold:100]]
[2020.04.14-04.01.49:616][  0]LogConfig: Setting CVar [[r.Upscale.Quality:3]]
[2020.04.14-04.01.49:616][  0]LogConfig: Setting CVar [[r.Tonemapper.GrainQuantization:1]]
[2020.04.14-04.01.49:616][  0]LogConfig: Setting CVar [[r.LightShaftQuality:1]]
[2020.04.14-04.01.49:616][  0]LogConfig: Setting CVar [[r.Filter.SizeScale:1]]
[2020.04.14-04.01.49:616][  0]LogConfig: Setting CVar [[r.Tonemapper.Quality:5]]
[2020.04.14-04.01.49:616][  0]LogConfig: Setting CVar [[r.DOF.Gather.AccumulatorQuality:1        ; higher gathering accumulator quality]]
[2020.04.14-04.01.49:616][  0]LogConfig: Setting CVar [[r.DOF.Gather.PostfilterMethod:1          ; Median3x3 postfilering method]]
[2020.04.14-04.01.49:616][  0]LogConfig: Setting CVar [[r.DOF.Gather.EnableBokehSettings:0       ; no bokeh simulation when gathering]]
[2020.04.14-04.01.49:616][  0]LogConfig: Setting CVar [[r.DOF.Gather.RingCount:4                 ; medium number of samples when gathering]]
[2020.04.14-04.01.49:616][  0]LogConfig: Setting CVar [[r.DOF.Scatter.ForegroundCompositing:1    ; additive foreground scattering]]
[2020.04.14-04.01.49:616][  0]LogConfig: Setting CVar [[r.DOF.Scatter.BackgroundCompositing:2    ; additive background scattering]]
[2020.04.14-04.01.49:616][  0]LogConfig: Setting CVar [[r.DOF.Scatter.EnableBokehSettings:1      ; bokeh simulation when scattering]]
[2020.04.14-04.01.49:616][  0]LogConfig: Setting CVar [[r.DOF.Scatter.MaxSpriteRatio:0.1         ; only a maximum of 10% of scattered bokeh]]
[2020.04.14-04.01.49:616][  0]LogConfig: Setting CVar [[r.DOF.Recombine.Quality:1                ; cheap slight out of focus]]
[2020.04.14-04.01.49:616][  0]LogConfig: Setting CVar [[r.DOF.Recombine.EnableBokehSettings:0    ; no bokeh simulation on slight out of focus]]
[2020.04.14-04.01.49:616][  0]LogConfig: Setting CVar [[r.DOF.TemporalAAQuality:1                ; more stable temporal accumulation]]
[2020.04.14-04.01.49:616][  0]LogConfig: Setting CVar [[r.DOF.Kernel.MaxForegroundRadius:0.025]]
[2020.04.14-04.01.49:616][  0]LogConfig: Setting CVar [[r.DOF.Kernel.MaxBackgroundRadius:0.025]]
[2020.04.14-04.01.49:616][  0]LogConfig: Applying CVar settings from Section [TextureQuality@3] File [D:/Unreal/DungeonTeam_9/DungeonTeam_9/DungeonTeam_9/Saved/Config/Windows/Scalability.ini]
[2020.04.14-04.01.49:616][  0]LogConfig: Setting CVar [[r.Streaming.MipBias:0]]
[2020.04.14-04.01.49:616][  0]LogConfig: Setting CVar [[r.Streaming.AmortizeCPUToGPUCopy:0]]
[2020.04.14-04.01.49:616][  0]LogConfig: Setting CVar [[r.Streaming.MaxNumTexturesToStreamPerFrame:0]]
[2020.04.14-04.01.49:616][  0]LogConfig: Setting CVar [[r.Streaming.Boost:1]]
[2020.04.14-04.01.49:616][  0]LogConfig: Setting CVar [[r.MaxAnisotropy:8]]
[2020.04.14-04.01.49:616][  0]LogConfig: Setting CVar [[r.Streaming.LimitPoolSizeToVRAM:0]]
[2020.04.14-04.01.49:616][  0]LogConfig: Setting CVar [[r.Streaming.PoolSize:1000]]
[2020.04.14-04.01.49:616][  0]LogConfig: Setting CVar [[r.Streaming.MaxEffectiveScreenSize:0]]
[2020.04.14-04.01.49:616][  0]LogConfig: Applying CVar settings from Section [EffectsQuality@3] File [D:/Unreal/DungeonTeam_9/DungeonTeam_9/DungeonTeam_9/Saved/Config/Windows/Scalability.ini]
[2020.04.14-04.01.49:616][  0]LogConfig: Setting CVar [[r.TranslucencyLightingVolumeDim:64]]
[2020.04.14-04.01.49:616][  0]LogConfig: Setting CVar [[r.RefractionQuality:2]]
[2020.04.14-04.01.49:616][  0]LogConfig: Setting CVar [[r.SSR.Quality:3]]
[2020.04.14-04.01.49:616][  0]LogConfig: Setting CVar [[r.SceneColorFormat:4]]
[2020.04.14-04.01.49:616][  0]LogConfig: Setting CVar [[r.DetailMode:2]]
[2020.04.14-04.01.49:616][  0]LogConfig: Setting CVar [[r.TranslucencyVolumeBlur:1]]
[2020.04.14-04.01.49:616][  0]LogConfig: Setting CVar [[r.MaterialQualityLevel:1 ; High quality]]
[2020.04.14-04.01.49:616][  0]LogConfig: Setting CVar [[r.SSS.Scale:1]]
[2020.04.14-04.01.49:616][  0]LogConfig: Setting CVar [[r.SSS.SampleSet:2]]
[2020.04.14-04.01.49:616][  0]LogConfig: Setting CVar [[r.SSS.Quality:1]]
[2020.04.14-04.01.49:616][  0]LogConfig: Setting CVar [[r.SSS.HalfRes:1]]
[2020.04.14-04.01.49:616][  0]LogConfig: Setting CVar [[r.EmitterSpawnRateScale:1.0]]
[2020.04.14-04.01.49:616][  0]LogConfig: Setting CVar [[r.ParticleLightQuality:2]]
[2020.04.14-04.01.49:616][  0]LogConfig: Applying CVar settings from Section [FoliageQuality@3] File [D:/Unreal/DungeonTeam_9/DungeonTeam_9/DungeonTeam_9/Saved/Config/Windows/Scalability.ini]
[2020.04.14-04.01.49:616][  0]LogConfig: Setting CVar [[foliage.DensityScale:1.0]]
[2020.04.14-04.01.49:616][  0]LogConfig: Setting CVar [[grass.DensityScale:1.0]]
[2020.04.14-04.01.49:617][  0]LogInit: Selected Device Profile: [Windows]
[2020.04.14-04.01.49:617][  0]LogInit: Applying CVar settings loaded from the selected device profile: [Windows]
[2020.04.14-04.01.49:666][  0]LogHAL: Display: Platform has ~ 16 GB [17123799040 / 17179869184 / 16], which maps to Larger [LargestMinGB=32, LargerMinGB=12, DefaultMinGB=8, SmallerMinGB=6, SmallestMinGB=0)
[2020.04.14-04.01.49:667][  0]LogConfig: Setting CVar [[r.Vulkan.UseRealUBs:0		; Required until we fix HLR fall-out]]
[2020.04.14-04.01.49:667][  0]LogInit: Going up to parent DeviceProfile []
[2020.04.14-04.01.49:667][  0]LogConfig: Applying CVar settings from Section [ViewDistanceQuality@3] File [D:/Unreal/DungeonTeam_9/DungeonTeam_9/DungeonTeam_9/Saved/Config/Windows/Scalability.ini]
[2020.04.14-04.01.49:667][  0]LogConfig: Setting CVar [[r.SkeletalMeshLODBias:0]]
[2020.04.14-04.01.49:667][  0]LogConfig: Setting CVar [[r.ViewDistanceScale:1.0]]
[2020.04.14-04.01.49:667][  0]LogConfig: Applying CVar settings from Section [AntiAliasingQuality@3] File [D:/Unreal/DungeonTeam_9/DungeonTeam_9/DungeonTeam_9/Saved/Config/Windows/Scalability.ini]
[2020.04.14-04.01.49:667][  0]LogConfig: Setting CVar [[r.PostProcessAAQuality:4]]
[2020.04.14-04.01.49:667][  0]LogConfig: Applying CVar settings from Section [ShadowQuality@3] File [D:/Unreal/DungeonTeam_9/DungeonTeam_9/DungeonTeam_9/Saved/Config/Windows/Scalability.ini]
[2020.04.14-04.01.49:667][  0]LogConfig: Setting CVar [[r.LightFunctionQuality:1]]
[2020.04.14-04.01.49:667][  0]LogConfig: Setting CVar [[r.ShadowQuality:5]]
[2020.04.14-04.01.49:667][  0]LogConfig: Setting CVar [[r.Shadow.CSM.MaxCascades:10]]
[2020.04.14-04.01.49:667][  0]LogConfig: Setting CVar [[r.Shadow.MaxResolution:2048]]
[2020.04.14-04.01.49:667][  0]LogConfig: Setting CVar [[r.Shadow.MaxCSMResolution:2048]]
[2020.04.14-04.01.49:667][  0]LogConfig: Setting CVar [[r.Shadow.RadiusThreshold:0.01]]
[2020.04.14-04.01.49:667][  0]LogConfig: Setting CVar [[r.Shadow.DistanceScale:1.0]]
[2020.04.14-04.01.49:667][  0]LogConfig: Setting CVar [[r.Shadow.CSM.TransitionScale:1.0]]
[2020.04.14-04.01.49:667][  0]LogConfig: Setting CVar [[r.Shadow.PreShadowResolutionFactor:1.0]]
[2020.04.14-04.01.49:667][  0]LogConfig: Setting CVar [[r.DistanceFieldShadowing:1]]
[2020.04.14-04.01.49:667][  0]LogConfig: Setting CVar [[r.DistanceFieldAO:1]]
[2020.04.14-04.01.49:667][  0]LogConfig: Setting CVar [[r.AOQuality:2]]
[2020.04.14-04.01.49:667][  0]LogConfig: Setting CVar [[r.VolumetricFog:1]]
[2020.04.14-04.01.49:667][  0]LogConfig: Setting CVar [[r.VolumetricFog.GridPixelSize:8]]
[2020.04.14-04.01.49:667][  0]LogConfig: Setting CVar [[r.VolumetricFog.GridSizeZ:128]]
[2020.04.14-04.01.49:667][  0]LogConfig: Setting CVar [[r.VolumetricFog.HistoryMissSupersampleCount:4]]
[2020.04.14-04.01.49:667][  0]LogConfig: Setting CVar [[r.LightMaxDrawDistanceScale:1]]
[2020.04.14-04.01.49:667][  0]LogConfig: Setting CVar [[r.CapsuleShadows:1]]
[2020.04.14-04.01.49:667][  0]LogConfig: Applying CVar settings from Section [PostProcessQuality@3] File [D:/Unreal/DungeonTeam_9/DungeonTeam_9/DungeonTeam_9/Saved/Config/Windows/Scalability.ini]
[2020.04.14-04.01.49:667][  0]LogConfig: Setting CVar [[r.MotionBlurQuality:4]]
[2020.04.14-04.01.49:667][  0]LogConfig: Setting CVar [[r.AmbientOcclusionMipLevelFactor:0.4]]
[2020.04.14-04.01.49:667][  0]LogConfig: Setting CVar [[r.AmbientOcclusionMaxQuality:100]]
[2020.04.14-04.01.49:667][  0]LogConfig: Setting CVar [[r.AmbientOcclusionLevels:-1]]
[2020.04.14-04.01.49:667][  0]LogConfig: Setting CVar [[r.AmbientOcclusionRadiusScale:1.0]]
[2020.04.14-04.01.49:667][  0]LogConfig: Setting CVar [[r.DepthOfFieldQuality:2]]
[2020.04.14-04.01.49:667][  0]LogConfig: Setting CVar [[r.RenderTargetPoolMin:400]]
[2020.04.14-04.01.49:668][  0]LogConfig: Setting CVar [[r.LensFlareQuality:2]]
[2020.04.14-04.01.49:668][  0]LogConfig: Setting CVar [[r.SceneColorFringeQuality:1]]
[2020.04.14-04.01.49:668][  0]LogConfig: Setting CVar [[r.EyeAdaptationQuality:2]]
[2020.04.14-04.01.49:668][  0]LogConfig: Setting CVar [[r.BloomQuality:5]]
[2020.04.14-04.01.49:668][  0]LogConfig: Setting CVar [[r.FastBlurThreshold:100]]
[2020.04.14-04.01.49:668][  0]LogConfig: Setting CVar [[r.Upscale.Quality:3]]
[2020.04.14-04.01.49:668][  0]LogConfig: Setting CVar [[r.Tonemapper.GrainQuantization:1]]
[2020.04.14-04.01.49:668][  0]LogConfig: Setting CVar [[r.LightShaftQuality:1]]
[2020.04.14-04.01.49:668][  0]LogConfig: Setting CVar [[r.Filter.SizeScale:1]]
[2020.04.14-04.01.49:668][  0]LogConfig: Setting CVar [[r.Tonemapper.Quality:5]]
[2020.04.14-04.01.49:668][  0]LogConfig: Setting CVar [[r.DOF.Gather.AccumulatorQuality:1        ; higher gathering accumulator quality]]
[2020.04.14-04.01.49:668][  0]LogConfig: Setting CVar [[r.DOF.Gather.PostfilterMethod:1          ; Median3x3 postfilering method]]
[2020.04.14-04.01.49:668][  0]LogConfig: Setting CVar [[r.DOF.Gather.EnableBokehSettings:0       ; no bokeh simulation when gathering]]
[2020.04.14-04.01.49:668][  0]LogConfig: Setting CVar [[r.DOF.Gather.RingCount:4                 ; medium number of samples when gathering]]
[2020.04.14-04.01.49:668][  0]LogConfig: Setting CVar [[r.DOF.Scatter.ForegroundCompositing:1    ; additive foreground scattering]]
[2020.04.14-04.01.49:668][  0]LogConfig: Setting CVar [[r.DOF.Scatter.BackgroundCompositing:2    ; additive background scattering]]
[2020.04.14-04.01.49:668][  0]LogConfig: Setting CVar [[r.DOF.Scatter.EnableBokehSettings:1      ; bokeh simulation when scattering]]
[2020.04.14-04.01.49:668][  0]LogConfig: Setting CVar [[r.DOF.Scatter.MaxSpriteRatio:0.1         ; only a maximum of 10% of scattered bokeh]]
[2020.04.14-04.01.49:668][  0]LogConfig: Setting CVar [[r.DOF.Recombine.Quality:1                ; cheap slight out of focus]]
[2020.04.14-04.01.49:668][  0]LogConfig: Setting CVar [[r.DOF.Recombine.EnableBokehSettings:0    ; no bokeh simulation on slight out of focus]]
[2020.04.14-04.01.49:668][  0]LogConfig: Setting CVar [[r.DOF.TemporalAAQuality:1                ; more stable temporal accumulation]]
[2020.04.14-04.01.49:668][  0]LogConfig: Setting CVar [[r.DOF.Kernel.MaxForegroundRadius:0.025]]
[2020.04.14-04.01.49:668][  0]LogConfig: Setting CVar [[r.DOF.Kernel.MaxBackgroundRadius:0.025]]
[2020.04.14-04.01.49:668][  0]LogConfig: Applying CVar settings from Section [TextureQuality@3] File [D:/Unreal/DungeonTeam_9/DungeonTeam_9/DungeonTeam_9/Saved/Config/Windows/Scalability.ini]
[2020.04.14-04.01.49:668][  0]LogConfig: Setting CVar [[r.Streaming.MipBias:0]]
[2020.04.14-04.01.49:668][  0]LogConfig: Setting CVar [[r.Streaming.AmortizeCPUToGPUCopy:0]]
[2020.04.14-04.01.49:668][  0]LogConfig: Setting CVar [[r.Streaming.MaxNumTexturesToStreamPerFrame:0]]
[2020.04.14-04.01.49:668][  0]LogConfig: Setting CVar [[r.Streaming.Boost:1]]
[2020.04.14-04.01.49:668][  0]LogConfig: Setting CVar [[r.MaxAnisotropy:8]]
[2020.04.14-04.01.49:668][  0]LogConfig: Setting CVar [[r.Streaming.LimitPoolSizeToVRAM:0]]
[2020.04.14-04.01.49:668][  0]LogConfig: Setting CVar [[r.Streaming.PoolSize:1000]]
[2020.04.14-04.01.49:668][  0]LogConfig: Setting CVar [[r.Streaming.MaxEffectiveScreenSize:0]]
[2020.04.14-04.01.49:668][  0]LogConfig: Applying CVar settings from Section [EffectsQuality@3] File [D:/Unreal/DungeonTeam_9/DungeonTeam_9/DungeonTeam_9/Saved/Config/Windows/Scalability.ini]
[2020.04.14-04.01.49:668][  0]LogConfig: Setting CVar [[r.TranslucencyLightingVolumeDim:64]]
[2020.04.14-04.01.49:668][  0]LogConfig: Setting CVar [[r.RefractionQuality:2]]
[2020.04.14-04.01.49:668][  0]LogConfig: Setting CVar [[r.SSR.Quality:3]]
[2020.04.14-04.01.49:668][  0]LogConfig: Setting CVar [[r.SceneColorFormat:4]]
[2020.04.14-04.01.49:668][  0]LogConfig: Setting CVar [[r.DetailMode:2]]
[2020.04.14-04.01.49:668][  0]LogConfig: Setting CVar [[r.TranslucencyVolumeBlur:1]]
[2020.04.14-04.01.49:668][  0]LogConfig: Setting CVar [[r.MaterialQualityLevel:1 ; High quality]]
[2020.04.14-04.01.49:668][  0]LogConfig: Setting CVar [[r.SSS.Scale:1]]
[2020.04.14-04.01.49:668][  0]LogConfig: Setting CVar [[r.SSS.SampleSet:2]]
[2020.04.14-04.01.49:668][  0]LogConfig: Setting CVar [[r.SSS.Quality:1]]
[2020.04.14-04.01.49:668][  0]LogConfig: Setting CVar [[r.SSS.HalfRes:1]]
[2020.04.14-04.01.49:668][  0]LogConfig: Setting CVar [[r.EmitterSpawnRateScale:1.0]]
[2020.04.14-04.01.49:668][  0]LogConfig: Setting CVar [[r.ParticleLightQuality:2]]
[2020.04.14-04.01.49:668][  0]LogConfig: Applying CVar settings from Section [FoliageQuality@3] File [D:/Unreal/DungeonTeam_9/DungeonTeam_9/DungeonTeam_9/Saved/Config/Windows/Scalability.ini]
[2020.04.14-04.01.49:668][  0]LogConfig: Setting CVar [[foliage.DensityScale:1.0]]
[2020.04.14-04.01.49:668][  0]LogConfig: Setting CVar [[grass.DensityScale:1.0]]
[2020.04.14-04.01.49:668][  0]LogConfig: Applying CVar settings from Section [Startup] File [../../../Engine/Config/ConsoleVariables.ini]
[2020.04.14-04.01.49:673][  0]LogConfig: Setting CVar [[net.UseAdaptiveNetUpdateFrequency:0]]
[2020.04.14-04.01.49:673][  0]LogConfig: Setting CVar [[p.chaos.AllowCreatePhysxBodies:1]]
[2020.04.14-04.01.49:673][  0]LogConfig: Applying CVar settings from Section [ConsoleVariables] File [D:/Unreal/DungeonTeam_9/DungeonTeam_9/DungeonTeam_9/Saved/Config/Windows/Engine.ini]
[2020.04.14-04.01.49:683][  0]LogInit: Computer: DESKTOP-C1M5I3A
[2020.04.14-04.01.49:683][  0]LogInit: User: RyzenDomeus
[2020.04.14-04.01.49:683][  0]LogInit: CPU Page size=4096, Cores=8
[2020.04.14-04.01.49:683][  0]LogInit: High frequency timer resolution =10.000000 MHz
[2020.04.14-04.01.49:690][  0]LogMemory: Memory total: Physical=15.9GB (16GB approx)
[2020.04.14-04.01.49:690][  0]LogMemory: Platform Memory Stats for Windows
[2020.04.14-04.01.49:690][  0]LogMemory: Process Physical Memory: 101.98 MB used, 101.98 MB peak
[2020.04.14-04.01.49:691][  0]LogMemory: Process Virtual Memory: 106.64 MB used, 106.64 MB peak
[2020.04.14-04.01.49:691][  0]LogMemory: Physical Memory: 7630.99 MB used,  8699.54 MB free, 16330.53 MB total
[2020.04.14-04.01.49:691][  0]LogMemory: Virtual Memory: 4706.11 MB used,  134213024.00 MB free, 134217728.00 MB total
[2020.04.14-04.01.50:172][  0]LogInit: Using OS detected language (en-US).
[2020.04.14-04.01.50:172][  0]LogInit: Using OS detected locale (en-US).
[2020.04.14-04.01.50:185][  0]LogTextLocalizationManager: No specific localization for 'en-US' exists, so the 'en' localization will be used.
[2020.04.14-04.01.50:779][  0]LogInit: Setting process to per monitor DPI aware
[2020.04.14-04.01.51:241][  0]LogSlate: New Slate User Created.  User Index 0, Is Virtual User: 0
[2020.04.14-04.01.51:241][  0]LogSlate: Slate User Registered.  User Index 0, Is Virtual User: 0
[2020.04.14-04.01.54:027][  0]LogHMD: Failed to initialize OpenVR with code 126
[2020.04.14-04.01.54:027][  0]LogD3D11RHI: D3D11 adapters:
[2020.04.14-04.01.54:103][  0]LogD3D11RHI:    0. 'NVIDIA GeForce RTX 2070 SUPER' (Feature Level 11_0)
[2020.04.14-04.01.54:103][  0]LogD3D11RHI:       8011/0/8165 MB DedicatedVideo/DedicatedSystem/SharedSystem, Outputs:3, VendorId:0x10de
[2020.04.14-04.01.54:105][  0]LogD3D11RHI:    1. 'Microsoft Basic Render Driver' (Feature Level 11_0)
[2020.04.14-04.01.54:105][  0]LogD3D11RHI:       0/0/8165 MB DedicatedVideo/DedicatedSystem/SharedSystem, Outputs:0, VendorId:0x1414
[2020.04.14-04.01.54:105][  0]LogD3D11RHI: Chosen D3D11 Adapter: 0
[2020.04.14-04.01.54:126][  0]LogD3D11RHI: Creating new Direct3DDevice
[2020.04.14-04.01.54:127][  0]LogD3D11RHI:     GPU DeviceId: 0x1e84 (for the marketing name, search the web for "GPU Device Id")
[2020.04.14-04.01.54:127][  0]LogWindows: EnumDisplayDevices:
[2020.04.14-04.01.54:127][  0]LogWindows:    0. 'NVIDIA GeForce RTX 2070 SUPER' (P:1 D:1)
[2020.04.14-04.01.54:127][  0]LogWindows:    1. 'NVIDIA GeForce RTX 2070 SUPER' (P:0 D:1)
[2020.04.14-04.01.54:128][  0]LogWindows:    2. 'NVIDIA GeForce RTX 2070 SUPER' (P:0 D:1)
[2020.04.14-04.01.54:128][  0]LogWindows:    3. 'NVIDIA GeForce RTX 2070 SUPER' (P:0 D:0)
[2020.04.14-04.01.54:128][  0]LogWindows: DebugString: FoundDriverCount:4 
[2020.04.14-04.01.54:128][  0]LogD3D11RHI:     Adapter Name: NVIDIA GeForce RTX 2070 SUPER
[2020.04.14-04.01.54:128][  0]LogD3D11RHI:   Driver Version: 445.75 (internal:26.21.14.4575, unified:445.75)
[2020.04.14-04.01.54:128][  0]LogD3D11RHI:      Driver Date: 3-17-2020
[2020.04.14-04.01.54:128][  0]LogRHI: Texture pool is 5607 MB (70% of 8011 MB)
[2020.04.14-04.01.54:186][  0]LogD3D11RHI: Async texture creation enabled
[2020.04.14-04.01.54:276][  0]LogRendererCore: FGlobalReadBuffer::InitRHI
[2020.04.14-04.01.54:277][  0]LogRendererCore: FGlobalReadBuffer::InitRHI
[2020.04.14-04.01.54:277][  0]LogRendererCore: FGlobalReadBuffer::InitRHI
[2020.04.14-04.01.54:315][  0]LogD3D11RHI: GPU Timing Frequency: 1000.000000 (Debug: 2 1)
[2020.04.14-04.01.54:335][  0]LogD3D11RHI: HDR output is supported on display 0 (NvId: 0x80061086).
[2020.04.14-04.01.54:999][  0]LogTemp: Display: Module 'AllDesktopTargetPlatform' loaded TargetPlatform 'AllDesktop'
[2020.04.14-04.01.55:065][  0]LogTemp: Display: Module 'MacClientTargetPlatform' loaded TargetPlatform 'MacClient'
[2020.04.14-04.01.55:096][  0]LogTemp: Display: Module 'MacNoEditorTargetPlatform' loaded TargetPlatform 'MacNoEditor'
[2020.04.14-04.01.55:135][  0]LogTemp: Display: Module 'MacServerTargetPlatform' loaded TargetPlatform 'MacServer'
[2020.04.14-04.01.55:191][  0]LogTemp: Display: Module 'MacTargetPlatform' loaded TargetPlatform 'Mac'
[2020.04.14-04.01.55:235][  0]LogTemp: Display: Module 'WindowsClientTargetPlatform' loaded TargetPlatform 'WindowsClient'
[2020.04.14-04.01.55:269][  0]LogTemp: Display: Module 'WindowsNoEditorTargetPlatform' loaded TargetPlatform 'WindowsNoEditor'
[2020.04.14-04.01.55:306][  0]LogTemp: Display: Module 'WindowsServerTargetPlatform' loaded TargetPlatform 'WindowsServer'
[2020.04.14-04.01.55:329][  0]LogTemp: Display: Module 'WindowsTargetPlatform' loaded TargetPlatform 'Windows'
[2020.04.14-04.01.55:452][  0]LogTemp: Display: Module 'AndroidTargetPlatform' loaded TargetPlatform 'Android'
[2020.04.14-04.01.55:452][  0]LogTemp: Display: Module 'AndroidTargetPlatform' loaded TargetPlatform 'Android_ASTC'
[2020.04.14-04.01.55:452][  0]LogTemp: Display: Module 'AndroidTargetPlatform' loaded TargetPlatform 'Android_ATC'
[2020.04.14-04.01.55:452][  0]LogTemp: Display: Module 'AndroidTargetPlatform' loaded TargetPlatform 'Android_DXT'
[2020.04.14-04.01.55:453][  0]LogTemp: Display: Module 'AndroidTargetPlatform' loaded TargetPlatform 'Android_ETC1'
[2020.04.14-04.01.55:453][  0]LogTemp: Display: Module 'AndroidTargetPlatform' loaded TargetPlatform 'Android_ETC1a'
[2020.04.14-04.01.55:453][  0]LogTemp: Display: Module 'AndroidTargetPlatform' loaded TargetPlatform 'Android_ETC2'
[2020.04.14-04.01.55:453][  0]LogTemp: Display: Module 'AndroidTargetPlatform' loaded TargetPlatform 'Android_PVRTC'
[2020.04.14-04.01.55:453][  0]LogTemp: Display: Module 'AndroidTargetPlatform' loaded TargetPlatform 'AndroidClient'
[2020.04.14-04.01.55:453][  0]LogTemp: Display: Module 'AndroidTargetPlatform' loaded TargetPlatform 'Android_ASTCClient'
[2020.04.14-04.01.55:453][  0]LogTemp: Display: Module 'AndroidTargetPlatform' loaded TargetPlatform 'Android_ATCClient'
[2020.04.14-04.01.55:453][  0]LogTemp: Display: Module 'AndroidTargetPlatform' loaded TargetPlatform 'Android_DXTClient'
[2020.04.14-04.01.55:453][  0]LogTemp: Display: Module 'AndroidTargetPlatform' loaded TargetPlatform 'Android_ETC1Client'
[2020.04.14-04.01.55:453][  0]LogTemp: Display: Module 'AndroidTargetPlatform' loaded TargetPlatform 'Android_ETC1aClient'
[2020.04.14-04.01.55:453][  0]LogTemp: Display: Module 'AndroidTargetPlatform' loaded TargetPlatform 'Android_ETC2Client'
[2020.04.14-04.01.55:453][  0]LogTemp: Display: Module 'AndroidTargetPlatform' loaded TargetPlatform 'Android_PVRTCClient'
[2020.04.14-04.01.55:453][  0]LogTemp: Display: Module 'AndroidTargetPlatform' loaded TargetPlatform 'Android_Multi'
[2020.04.14-04.01.55:453][  0]LogTemp: Display: Module 'AndroidTargetPlatform' loaded TargetPlatform 'Android_MultiClient'
[2020.04.14-04.01.55:503][  0]LogTemp: Display: Module 'HTML5TargetPlatform' loaded TargetPlatform 'HTML5'
[2020.04.14-04.01.55:639][  0]LogTemp: Display: Module 'IOSTargetPlatform' loaded TargetPlatform 'IOSClient'
[2020.04.14-04.01.55:639][  0]LogTemp: Display: Module 'IOSTargetPlatform' loaded TargetPlatform 'IOS'
[2020.04.14-04.01.55:684][  0]LogTemp: Display: Module 'TVOSTargetPlatform' loaded TargetPlatform 'TVOSClient'
[2020.04.14-04.01.55:684][  0]LogTemp: Display: Module 'TVOSTargetPlatform' loaded TargetPlatform 'TVOS'
[2020.04.14-04.01.55:715][  0]LogTemp: Display: Module 'LinuxClientTargetPlatform' loaded TargetPlatform 'LinuxClient'
[2020.04.14-04.01.55:748][  0]LogTemp: Display: Module 'LinuxNoEditorTargetPlatform' loaded TargetPlatform 'LinuxNoEditor'
[2020.04.14-04.01.55:776][  0]LogTemp: Display: Module 'LinuxServerTargetPlatform' loaded TargetPlatform 'LinuxServer'
[2020.04.14-04.01.55:818][  0]LogTemp: Display: Module 'LinuxTargetPlatform' loaded TargetPlatform 'Linux'
[2020.04.14-04.01.55:919][  0]LogTemp: Display: Module 'LuminTargetPlatform' loaded TargetPlatform 'Lumin'
[2020.04.14-04.01.55:919][  0]LogTemp: Display: Module 'LuminTargetPlatform' loaded TargetPlatform 'LuminClient'
[2020.04.14-04.01.55:919][  0]LogTargetPlatformManager: Display: Building Assets For Windows
[2020.04.14-04.01.56:117][  0]LogAudioDebug: Display: Lib vorbis DLL was dynamically loaded.
[2020.04.14-04.01.56:699][  0]LogShaderCompilers: Guid format shader working directory is 1 characters bigger than the processId version (D:/Unreal/DungeonTeam_9/DungeonTeam_9/DungeonTeam_9/Intermediate/Shaders/WorkingDirectory/8968/).
[2020.04.14-04.01.56:699][  0]LogShaderCompilers: Cleaned the shader compiler working directory 'C:/Users/RyzenDomeus/AppData/Local/Temp/UnrealShaderWorkingDir/59CA86D7422931E714999BBC77F6C48D/'.
[2020.04.14-04.01.56:701][  0]LogXGEController: Cleaning working directory: C:/Users/RyzenDomeus/AppData/Local/Temp/UnrealXGEWorkingDir/
[2020.04.14-04.01.56:701][  0]LogXGEController: Cannot use XGE Controller as Incredibuild is not installed on this machine.
[2020.04.14-04.01.56:702][  0]LogShaderCompilers: Cannot use XGE Shader Compiler as Incredibuild is not installed on this machine.
[2020.04.14-04.01.56:702][  0]LogShaderCompilers: Display: Using Local Shader Compiler.
[2020.04.14-04.01.59:883][  0]LogDerivedDataCache: Display: Max Cache Size: 512 MB
[2020.04.14-04.01.59:960][  0]LogDerivedDataCache: Loaded boot cache 0.08s 71MB C:/Users/RyzenDomeus/AppData/Local/UnrealEngine/4.22/DerivedDataCache/Boot.ddc.
[2020.04.14-04.01.59:960][  0]LogDerivedDataCache: Display: Loaded Boot cache: C:/Users/RyzenDomeus/AppData/Local/UnrealEngine/4.22/DerivedDataCache/Boot.ddc
[2020.04.14-04.01.59:960][  0]LogDerivedDataCache: FDerivedDataBackendGraph:  Pak pak cache file D:/Unreal/DungeonTeam_9/DungeonTeam_9/DungeonTeam_9/DerivedDataCache/DDC.ddp not found, will not use a pak cache.
[2020.04.14-04.01.59:960][  0]LogDerivedDataCache: Unable to find inner node Pak for hierarchical cache Hierarchy.
[2020.04.14-04.01.59:960][  0]LogDerivedDataCache: FDerivedDataBackendGraph:  CompressedPak pak cache file D:/Unreal/DungeonTeam_9/DungeonTeam_9/DungeonTeam_9/DerivedDataCache/Compressed.ddp not found, will not use a pak cache.
[2020.04.14-04.01.59:960][  0]LogDerivedDataCache: Unable to find inner node CompressedPak for hierarchical cache Hierarchy.
[2020.04.14-04.02.00:064][  0]LogDerivedDataCache: Display: Pak cache opened for reading ../../../Engine/DerivedDataCache/Compressed.ddp.
[2020.04.14-04.02.00:064][  0]LogDerivedDataCache: FDerivedDataBackendGraph:  EnterprisePak pak cache file ../../../Enterprise/DerivedDataCache/Compressed.ddp not found, will not use a pak cache.
[2020.04.14-04.02.00:065][  0]LogDerivedDataCache: Unable to find inner node EnterprisePak for hierarchical cache Hierarchy.
[2020.04.14-04.02.00:077][  0]LogDerivedDataCache: Using Local data cache path C:/Users/RyzenDomeus/AppData/Local/UnrealEngine/Common/DerivedDataCache: Writable
[2020.04.14-04.02.00:077][  0]LogDerivedDataCache: Shared data cache path not found in *engine.ini, will not use an Shared cache.
[2020.04.14-04.02.00:077][  0]LogDerivedDataCache: Unable to find inner node Shared for hierarchical cache Hierarchy.
[2020.04.14-04.02.00:117][  0]LogMaterial: Verifying Global Shaders for PCD3D_SM5
[2020.04.14-04.02.00:183][  0]LogSlate: Using FreeType 2.6.0
[2020.04.14-04.02.00:296][  0]LogSlate: SlateFontServices - WITH_FREETYPE: 1, WITH_HARFBUZZ: 1
[2020.04.14-04.02.01:015][  0]LogAssetRegistry: FAssetRegistry took 0.0490 seconds to start up
[2020.04.14-04.02.03:475][  0]LogInit: Selected Device Profile: [Windows]
[2020.04.14-04.02.04:526][  0]LogMeshReduction: Using QuadricMeshReduction for automatic static mesh reduction
[2020.04.14-04.02.04:526][  0]LogMeshReduction: Using SimplygonMeshReduction for automatic skeletal mesh reduction
[2020.04.14-04.02.04:526][  0]LogMeshReduction: Using ProxyLODMeshReduction for automatic mesh merging
[2020.04.14-04.02.04:526][  0]LogMeshReduction: No distributed automatic mesh merging module available
[2020.04.14-04.02.04:526][  0]LogMeshMerging: No distributed automatic mesh merging module available
[2020.04.14-04.02.04:651][  0]LogNetVersion: DungeonTeam_9 1.0.0, NetCL: 5660361, EngineNetVer: 10, GameNetVer: 0 (Checksum: 3451456062)
[2020.04.14-04.02.07:165][  0]LogPackageLocalizationCache: Processed 10 localized package path(s) for 1 prioritized culture(s) in 0.048922 seconds
[2020.04.14-04.02.07:186][  0]LogUObjectArray: 42205 objects as part of root set at end of initial load.
[2020.04.14-04.02.07:186][  0]LogUObjectAllocator: 7325032 out of 0 bytes used by permanent object pool.
[2020.04.14-04.02.07:186][  0]LogUObjectArray: CloseDisregardForGC: 0/0 objects in disregard for GC pool
[2020.04.14-04.02.14:848][  0]LogTcpMessaging: Initializing TcpMessaging bridge
[2020.04.14-04.02.14:904][  0]LogUdpMessaging: Initializing bridge on interface 0.0.0.0:0 to multicast group 230.0.0.1:6666.
[2020.04.14-04.02.15:713][  0]SourceControl: Source control is disabled
[2020.04.14-04.02.15:725][  0]SourceControl: Source control is disabled
[2020.04.14-04.02.15:839][  0]SourceControl: Source control is disabled
[2020.04.14-04.02.15:856][  0]SourceControl: Source control is disabled
[2020.04.14-04.02.17:034][  0]LogAndroidPermission: UAndroidPermissionCallbackProxy::GetInstance
[2020.04.14-04.02.17:651][  0]LogOcInput: OculusInput pre-init called
[2020.04.14-04.02.19:569][  0]LogEngine: Initializing Engine...
[2020.04.14-04.02.19:616][  0]LogHMD: Failed to initialize OpenVR with code 126
[2020.04.14-04.02.19:618][  0]LogStats: UGameplayTagsManager::InitializeManager -  0.001 s
[2020.04.14-04.02.19:883][  0]LogInit: Initializing FReadOnlyCVARCache
[2020.04.14-04.02.20:153][  0]LogAIModule: Creating AISystem for world Untitled
[2020.04.14-04.02.20:298][  0]LogInit: XAudio2 using 'Speakers (Realtek(R) Audio)' : 2 channels at 48 kHz using 32 bits per sample (channel mask 0x3)
[2020.04.14-04.02.20:352][  0]LogInit: FAudioDevice initialized.
[2020.04.14-04.02.20:353][  0]LogNetVersion: Set ProjectVersion to 1.0.0.0. Version Checksum will be recalculated on next use.
[2020.04.14-04.02.20:402][  0]LogDerivedDataCache: Saved boot cache 0.05s 71MB C:/Users/RyzenDomeus/AppData/Local/UnrealEngine/4.22/DerivedDataCache/Boot.ddc.
[2020.04.14-04.02.20:407][  0]LogInit: Texture streaming: Enabled
[2020.04.14-04.02.20:512][  0]LogEngineSessionManager: EngineSessionManager initialized
[2020.04.14-04.02.20:624][  0]LogInit: Transaction tracking system initialized
[2020.04.14-04.02.20:874][  0]BlueprintLog: New page: Editor Load
[2020.04.14-04.02.21:809][  0]LocalizationService: Localization service is disabled
[2020.04.14-04.02.23:585][  0]LogFileCache: Scanning file cache for directory 'D:/Unreal/DungeonTeam_9/DungeonTeam_9/DungeonTeam_9/Content/' took 0.03s
[2020.04.14-04.02.23:585][  0]LogCook: Display: Max memory allowance for cook 16384mb min free memory 0mb
[2020.04.14-04.02.23:585][  0]LogCook: Display: Mobile HDR setting 1
[2020.04.14-04.02.25:722][  0]SourceControl: Source control is disabled
[2020.04.14-04.02.25:731][  0]Cmd: MAP LOAD FILE="D:/Unreal/DungeonTeam_9/DungeonTeam_9/DungeonTeam_9/Content/Player/ThirdPersonBP/Maps/ThirdPersonExampleMap.umap" TEMPLATE=0 SHOWPROGRESS=1 FEATURELEVEL=3
[2020.04.14-04.02.25:731][  0]LightingResults: New page: Lighting Build
[2020.04.14-04.02.25:826][  0]MapCheck: New page: Map Check
[2020.04.14-04.02.25:826][  0]LightingResults: New page: Lighting Build
[2020.04.14-04.02.26:003][  0]LogUObjectHash: Compacting FUObjectHashTables data took   1.50ms
[2020.04.14-04.02.28:369][  0]LogAIModule: Creating AISystem for world ThirdPersonExampleMap
[2020.04.14-04.02.28:534][  0]LogEditorServer: Finished looking for orphan Actors (0.000 secs)
[2020.04.14-04.02.28:581][  0]LogUObjectHash: Compacting FUObjectHashTables data took   2.89ms
[2020.04.14-04.02.28:581][  0]Cmd: MAP CHECKDEP NOCLEARLOG
[2020.04.14-04.02.28:581][  0]MapCheck: Map check complete: 0 Error(s), 0 Warning(s), took 0.139ms to complete.
[2020.04.14-04.02.28:582][  0]LogFileHelpers: Loading map 'ThirdPersonExampleMap' took 2.852
[2020.04.14-04.02.29:813][  0]LogSlate: Updating window title bar state: overlay mode, drag disabled, window buttons hidden, title bar hidden
[2020.04.14-04.02.29:820][  0]LogSlate: Updating window title bar state: overlay mode, drag disabled, window buttons hidden, title bar hidden
[2020.04.14-04.02.29:828][  0]LogSlate: Updating window title bar state: overlay mode, drag disabled, window buttons hidden, title bar hidden
[2020.04.14-04.02.29:835][  0]LogSlate: Updating window title bar state: overlay mode, drag disabled, window buttons hidden, title bar hidden
[2020.04.14-04.02.29:899][  0]LogCollectionManager: Loaded 0 collections in 0.000961 seconds
[2020.04.14-04.02.29:997][  0]LogFileCache: Scanning file cache for directory 'D:/Unreal/DungeonTeam_9/DungeonTeam_9/DungeonTeam_9/Saved/Collections/' took 0.01s
[2020.04.14-04.02.29:997][  0]LogFileCache: Scanning file cache for directory 'D:/Unreal/DungeonTeam_9/DungeonTeam_9/DungeonTeam_9/Content/Developers/RyzenDomeus/Collections/' took 0.00s
[2020.04.14-04.02.29:997][  0]LogFileCache: Scanning file cache for directory 'D:/Unreal/DungeonTeam_9/DungeonTeam_9/DungeonTeam_9/Content/Collections/' took 0.01s
[2020.04.14-04.02.29:997][  0]LogCollectionManager: Rebuilt the GUID cache for 0 collections in 0.000000 seconds
[2020.04.14-04.02.30:008][  0]LogContentBrowser: Native class hierarchy populated in 0.0095 seconds. Added 2732 classes and 659 folders.
[2020.04.14-04.02.30:079][  0]LogContentBrowser: Native class hierarchy updated for 'WidgetCarousel' in 0.0002 seconds. Added 0 classes and 0 folders.
[2020.04.14-04.02.30:182][  0]LogPakFile: Registered encryption key '00000000000000000000000000000000': 0 pak files mounted, 0 remain pending
[2020.04.14-04.02.30:238][  0]LogPakFile: Registered encryption key '00000000000000000000000000000000': 0 pak files mounted, 0 remain pending
[2020.04.14-04.02.30:256][  0]LogPakFile: Registered encryption key '00000000000000000000000000000000': 0 pak files mounted, 0 remain pending
[2020.04.14-04.02.30:276][  0]LogPakFile: Registered encryption key '00000000000000000000000000000000': 0 pak files mounted, 0 remain pending
[2020.04.14-04.02.30:283][  0]LogPakFile: Registered encryption key '00000000000000000000000000000000': 0 pak files mounted, 0 remain pending
[2020.04.14-04.02.30:289][  0]LogPakFile: Registered encryption key '00000000000000000000000000000000': 0 pak files mounted, 0 remain pending
[2020.04.14-04.02.30:294][  0]LogPakFile: Registered encryption key '00000000000000000000000000000000': 0 pak files mounted, 0 remain pending
[2020.04.14-04.02.30:300][  0]LogPakFile: Registered encryption key '00000000000000000000000000000000': 0 pak files mounted, 0 remain pending
[2020.04.14-04.02.30:306][  0]LogPakFile: Registered encryption key '00000000000000000000000000000000': 0 pak files mounted, 0 remain pending
[2020.04.14-04.02.30:313][  0]LogPakFile: Registered encryption key '00000000000000000000000000000000': 0 pak files mounted, 0 remain pending
[2020.04.14-04.02.30:318][  0]LogPakFile: Registered encryption key '00000000000000000000000000000000': 0 pak files mounted, 0 remain pending
[2020.04.14-04.02.30:324][  0]LogPakFile: Registered encryption key '00000000000000000000000000000000': 0 pak files mounted, 0 remain pending
[2020.04.14-04.02.30:329][  0]LogPakFile: Registered encryption key '00000000000000000000000000000000': 0 pak files mounted, 0 remain pending
[2020.04.14-04.02.30:335][  0]LogPakFile: Registered encryption key '00000000000000000000000000000000': 0 pak files mounted, 0 remain pending
[2020.04.14-04.02.30:340][  0]LogPakFile: Registered encryption key '00000000000000000000000000000000': 0 pak files mounted, 0 remain pending
[2020.04.14-04.02.30:346][  0]LogPakFile: Registered encryption key '00000000000000000000000000000000': 0 pak files mounted, 0 remain pending
[2020.04.14-04.02.30:375][  0]LogPakFile: Registered encryption key '00000000000000000000000000000000': 0 pak files mounted, 0 remain pending
[2020.04.14-04.02.30:382][  0]LogPakFile: Registered encryption key '00000000000000000000000000000000': 0 pak files mounted, 0 remain pending
[2020.04.14-04.02.30:387][  0]LogPakFile: Registered encryption key '00000000000000000000000000000000': 0 pak files mounted, 0 remain pending
[2020.04.14-04.02.30:393][  0]LogPakFile: Registered encryption key '00000000000000000000000000000000': 0 pak files mounted, 0 remain pending
[2020.04.14-04.02.30:399][  0]LogPakFile: Registered encryption key '00000000000000000000000000000000': 0 pak files mounted, 0 remain pending
[2020.04.14-04.02.30:405][  0]LogPakFile: Registered encryption key '00000000000000000000000000000000': 0 pak files mounted, 0 remain pending
[2020.04.14-04.02.30:411][  0]LogPakFile: Registered encryption key '00000000000000000000000000000000': 0 pak files mounted, 0 remain pending
[2020.04.14-04.02.30:418][  0]LogPakFile: Registered encryption key '00000000000000000000000000000000': 0 pak files mounted, 0 remain pending
[2020.04.14-04.02.30:425][  0]LogPakFile: Registered encryption key '00000000000000000000000000000000': 0 pak files mounted, 0 remain pending
[2020.04.14-04.02.30:431][  0]LogPakFile: Registered encryption key '00000000000000000000000000000000': 0 pak files mounted, 0 remain pending
[2020.04.14-04.02.30:810][  0]LogContentBrowser: Native class hierarchy updated for 'AddContentDialog' in 0.0002 seconds. Added 0 classes and 0 folders.
[2020.04.14-04.02.30:845][  0]LogContentBrowser: Native class hierarchy updated for 'SceneOutliner' in 0.0003 seconds. Added 1 classes and 2 folders.
[2020.04.14-04.02.31:403][  0]LogSlate: Took 0.016820 seconds to synchronously load lazily loaded font '../../../Engine/Content/Slate/Fonts/Roboto-Regular.ttf' (155K)
[2020.04.14-04.02.31:457][  0]LogSlate: Took 0.051748 seconds to synchronously load lazily loaded font '../../../Engine/Content/Slate/Fonts/Roboto-Bold.ttf' (160K)
[2020.04.14-04.02.31:475][  0]LogSlate: Took 0.013137 seconds to synchronously load lazily loaded font '../../../Engine/Content/Editor/Slate/Fonts/FontAwesome.ttf' (139K)
[2020.04.14-04.02.31:834][  0]LogRenderer: Reallocating scene render targets to support 1208x636 Format 10 NumSamples 1 (Frame:1).
[2020.04.14-04.02.32:174][  0]LogContentBrowser: Native class hierarchy updated for 'HierarchicalLODOutliner' in 0.0002 seconds. Added 0 classes and 0 folders.
[2020.04.14-04.02.32:174][  0]LogLoad: (Engine Initialization) Total time: 52.43 seconds
[2020.04.14-04.02.32:174][  0]LogLoad: (Engine Initialization) Total Blueprint compile time: 0.00 seconds
[2020.04.14-04.02.32:314][  0]LogAssetRegistry: Asset discovery search completed in 31.3355 seconds
[2020.04.14-04.02.32:319][  0]LogCollectionManager: Rebuilt the object cache for 0 collections in 0.000000 seconds (found 0 objects)
[2020.04.14-04.02.32:319][  0]LogCollectionManager: Fixed up redirectors for 0 collections in 0.000071 seconds (updated 0 objects)
[2020.04.14-04.02.32:365][  0]LogContentStreaming: Texture pool size now 1000 MB
[2020.04.14-04.02.36:270][ 13]LogSlate: FSceneViewport::OnFocusLost() reason 0
[2020.04.14-04.02.36:594][ 13]LogUObjectHash: Compacting FUObjectHashTables data took   1.11ms
[2020.04.14-04.02.36:727][ 13]LogSlate: Window 'DungeonTeam_9 - Unreal Editor' being destroyed
[2020.04.14-04.02.36:749][ 13]LogWindowsTextInputMethodSystem: Display: IME system now deactivated.
[2020.04.14-04.02.37:042][ 14]Cmd: QUIT_EDITOR
[2020.04.14-04.02.37:248][ 14]LogExit: Preparing to exit.
[2020.04.14-04.02.38:390][ 14]LogExit: Editor shut down
[2020.04.14-04.02.38:391][ 14]LogExit: Transaction tracking system shut down
[2020.04.14-04.02.39:555][ 14]LogExit: Object subsystem successfully closed.
[2020.04.14-04.02.39:642][ 14]LogShaderCompilers: Display: Shaders left to compile 0
[2020.04.14-04.02.39:659][ 14]LogD3D11RHI: Shutdown
[2020.04.14-04.02.39:661][ 14]LogD3D11RHI: CleanupD3DDevice
[2020.04.14-04.02.39:666][ 14]LogRendererCore: FGlobalReadBuffer::ReleaseRHI
[2020.04.14-04.02.39:666][ 14]LogRendererCore: FGlobalDynamicReadBuffer::Cleanup()
[2020.04.14-04.02.39:684][ 14]LogRendererCore: FGlobalReadBuffer::ReleaseRHI
[2020.04.14-04.02.39:684][ 14]LogRendererCore: FGlobalDynamicReadBuffer::Cleanup()
[2020.04.14-04.02.39:684][ 14]LogRendererCore: FGlobalReadBuffer::ReleaseRHI
[2020.04.14-04.02.39:684][ 14]LogRendererCore: FGlobalDynamicReadBuffer::Cleanup()
[2020.04.14-04.02.39:809][ 14]LogD3D11RHI: ~FD3D11DynamicRHI
[2020.04.14-04.02.40:560][ 14]LogModuleManager: Shutting down and abandoning module HierarchicalLODOutliner (642)
[2020.04.14-04.02.40:560][ 14]LogModuleManager: Shutting down and abandoning module SceneOutliner (640)
[2020.04.14-04.02.40:560][ 14]LogModuleManager: Shutting down and abandoning module AddContentDialog (638)
[2020.04.14-04.02.40:560][ 14]LogModuleManager: Shutting down and abandoning module WidgetCarousel (637)
[2020.04.14-04.02.40:561][ 14]LogModuleManager: Shutting down and abandoning module EditorWidgets (634)
[2020.04.14-04.02.40:561][ 14]LogModuleManager: Shutting down and abandoning module CollectionManager (632)
[2020.04.14-04.02.40:561][ 14]LogModuleManager: Shutting down and abandoning module StatsViewer (630)
[2020.04.14-04.02.40:566][ 14]LogModuleManager: Shutting down and abandoning module FoliageEdit (628)
[2020.04.14-04.02.40:566][ 14]LogModuleManager: Shutting down and abandoning module LandscapeEditor (626)
[2020.04.14-04.02.40:578][ 14]LogModuleManager: Shutting down and abandoning module MeshPaintMode (624)
[2020.04.14-04.02.40:578][ 14]LogModuleManager: Shutting down and abandoning module SceneDepthPickerMode (622)
[2020.04.14-04.02.40:578][ 14]LogModuleManager: Shutting down and abandoning module ActorPickerMode (620)
[2020.04.14-04.02.40:578][ 14]LogModuleManager: Shutting down and abandoning module GeometryMode (618)
[2020.04.14-04.02.40:578][ 14]LogModuleManager: Shutting down and abandoning module TextureAlignMode (616)
[2020.04.14-04.02.40:578][ 14]LogModuleManager: Shutting down and abandoning module BspMode (614)
[2020.04.14-04.02.40:579][ 14]LogModuleManager: Shutting down and abandoning module PIEPreviewDeviceProfileSelector (612)
[2020.04.14-04.02.40:580][ 14]LogModuleManager: Shutting down and abandoning module SequenceRecorderSections (610)
[2020.04.14-04.02.40:590][ 14]LogModuleManager: Shutting down and abandoning module AutomationWorker (608)
[2020.04.14-04.02.40:598][ 14]LogModuleManager: Shutting down and abandoning module OculusMR (606)
[2020.04.14-04.02.40:598][ 14]LogModuleManager: Shutting down and abandoning module AudioCaptureEditor (604)
[2020.04.14-04.02.40:598][ 14]LogModuleManager: Shutting down and abandoning module MatineeToLevelSequence (602)
[2020.04.14-04.02.40:604][ 14]LogModuleManager: Shutting down and abandoning module LevelSequenceEditor (600)
[2020.04.14-04.02.40:622][ 14]LogModuleManager: Shutting down and abandoning module PlacementMode (599)
[2020.04.14-04.02.40:622][ 14]LogModuleManager: Shutting down and abandoning module MaterialEditor (598)
[2020.04.14-04.02.40:645][ 14]LogModuleManager: Shutting down and abandoning module ActorSequenceEditor (594)
[2020.04.14-04.02.40:660][ 14]LogModuleManager: Shutting down and abandoning module WmfMediaFactory (592)
[2020.04.14-04.02.40:660][ 14]LogModuleManager: Shutting down and abandoning module WmfMediaEditor (590)
[2020.04.14-04.02.40:660][ 14]LogModuleManager: Shutting down and abandoning module WebMMediaFactory (588)
[2020.04.14-04.02.40:660][ 14]LogModuleManager: Shutting down and abandoning module WebMMediaEditor (586)
[2020.04.14-04.02.40:660][ 14]LogModuleManager: Shutting down and abandoning module WebMMedia (584)
[2020.04.14-04.02.40:660][ 14]LogModuleManager: Shutting down and abandoning module MediaPlayerEditor (582)
[2020.04.14-04.02.40:661][ 14]LogModuleManager: Shutting down and abandoning module MediaCompositingEditor (580)
[2020.04.14-04.02.40:661][ 14]LogModuleManager: Shutting down and abandoning module SequenceRecorder (579)
[2020.04.14-04.02.40:661][ 14]LogModuleManager: Shutting down and abandoning module OpenExrWrapper (576)
[2020.04.14-04.02.40:661][ 14]LogModuleManager: Shutting down and abandoning module ImgMediaFactory (574)
[2020.04.14-04.02.40:661][ 14]LogModuleManager: Shutting down and abandoning module ImgMediaEditor (572)
[2020.04.14-04.02.40:661][ 14]LogModuleManager: Shutting down and abandoning module AvfMediaFactory (570)
[2020.04.14-04.02.40:661][ 14]LogModuleManager: Shutting down and abandoning module AvfMediaEditor (568)
[2020.04.14-04.02.40:661][ 14]LogModuleManager: Shutting down and abandoning module AndroidMediaFactory (566)
[2020.04.14-04.02.40:661][ 14]LogModuleManager: Shutting down and abandoning module AndroidMediaEditor (564)
[2020.04.14-04.02.40:661][ 14]LogModuleManager: Shutting down and abandoning module MagicLeapCameraPreviewFactory (562)
[2020.04.14-04.02.40:661][ 14]LogModuleManager: Shutting down and abandoning module MagicLeapMediaCodecFactory (560)
[2020.04.14-04.02.40:661][ 14]LogModuleManager: Shutting down and abandoning module MagicLeapMediaFactory (558)
[2020.04.14-04.02.40:661][ 14]LogModuleManager: Shutting down and abandoning module MagicLeapMediaEditor (556)
[2020.04.14-04.02.40:661][ 14]LogModuleManager: Shutting down and abandoning module CharacterAI (554)
[2020.04.14-04.02.40:661][ 14]LogModuleManager: Shutting down and abandoning module SmartSnapping (552)
[2020.04.14-04.02.40:661][ 14]LogModuleManager: Shutting down and abandoning module SessionServices (550)
[2020.04.14-04.02.40:661][ 14]LogModuleManager: Shutting down and abandoning module MeshPaint (548)
[2020.04.14-04.02.40:662][ 14]LogModuleManager: Shutting down and abandoning module ViewportSnapping (546)
[2020.04.14-04.02.40:662][ 14]LogModuleManager: Shutting down and abandoning module ViewportInteraction (544)
[2020.04.14-04.02.40:662][ 14]LogModuleManager: Shutting down and abandoning module ClothPainter (542)
[2020.04.14-04.02.40:679][ 14]LogModuleManager: Shutting down and abandoning module SkeletalMeshEditor (541)
[2020.04.14-04.02.40:691][ 14]LogModuleManager: Shutting down and abandoning module LogVisualizer (538)
[2020.04.14-04.02.40:692][ 14]LogModuleManager: Shutting down and abandoning module IntroTutorials (536)
[2020.04.14-04.02.40:708][ 14]LogModuleManager: Shutting down and abandoning module GameProjectGeneration (535)
[2020.04.14-04.02.40:709][ 14]LogModuleManager: Shutting down and abandoning module LuminPlatformEditor (532)
[2020.04.14-04.02.40:709][ 14]LogModuleManager: Shutting down and abandoning module IOSPlatformEditor (530)
[2020.04.14-04.02.40:709][ 14]LogModuleManager: Shutting down and abandoning module HTML5PlatformEditor (528)
[2020.04.14-04.02.40:709][ 14]LogModuleManager: Shutting down and abandoning module AndroidPlatformEditor (526)
[2020.04.14-04.02.40:723][ 14]LogModuleManager: Shutting down and abandoning module AndroidDeviceDetection (525)
[2020.04.14-04.02.41:224][ 14]LogModuleManager: Shutting down and abandoning module WindowsPlatformEditor (522)
[2020.04.14-04.02.41:224][ 14]LogModuleManager: Shutting down and abandoning module LuminRuntimeSettings (520)
[2020.04.14-04.02.41:224][ 14]LogModuleManager: Shutting down and abandoning module IOSRuntimeSettings (518)
[2020.04.14-04.02.41:224][ 14]LogModuleManager: Shutting down and abandoning module AndroidRuntimeSettings (516)
[2020.04.14-04.02.41:224][ 14]LogModuleManager: Shutting down and abandoning module TimeManagementEditor (514)
[2020.04.14-04.02.41:224][ 14]LogModuleManager: Shutting down and abandoning module InputBindingEditor (512)
[2020.04.14-04.02.41:225][ 14]LogModuleManager: Shutting down and abandoning module MergeActors (510)
[2020.04.14-04.02.41:243][ 14]LogModuleManager: Shutting down and abandoning module LocalizationDashboard (508)
[2020.04.14-04.02.41:256][ 14]LogModuleManager: Shutting down and abandoning module LocalizationService (507)
[2020.04.14-04.02.41:259][ 14]LogModuleManager: Shutting down and abandoning module HardwareTargeting (504)
[2020.04.14-04.02.41:259][ 14]LogModuleManager: Shutting down and abandoning module DeviceProfileEditor (502)
[2020.04.14-04.02.41:283][ 14]LogModuleManager: Shutting down and abandoning module UndoHistory (500)
[2020.04.14-04.02.41:291][ 14]LogModuleManager: Shutting down and abandoning module XmlParser (498)
[2020.04.14-04.02.41:291][ 14]LogModuleManager: Shutting down and abandoning module Blutility (496)
[2020.04.14-04.02.41:294][ 14]LogModuleManager: Shutting down and abandoning module ProjectSettingsViewer (494)
[2020.04.14-04.02.41:294][ 14]LogModuleManager: Shutting down and abandoning module ProjectTargetPlatformEditor (493)
[2020.04.14-04.02.41:294][ 14]LogModuleManager: Shutting down and abandoning module EditorSettingsViewer (490)
[2020.04.14-04.02.41:294][ 14]LogModuleManager: Shutting down and abandoning module SettingsEditor (488)
[2020.04.14-04.02.41:295][ 14]LogModuleManager: Shutting down and abandoning module ProjectLauncher (486)
[2020.04.14-04.02.41:302][ 14]LogModuleManager: Shutting down and abandoning module SessionFrontend (484)
[2020.04.14-04.02.41:306][ 14]LogModuleManager: Shutting down and abandoning module ProfilerClient (482)
[2020.04.14-04.02.41:307][ 14]LogModuleManager: Shutting down and abandoning module DeviceManager (480)
[2020.04.14-04.02.41:321][ 14]LogModuleManager: Shutting down and abandoning module TargetDeviceServices (479)
[2020.04.14-04.02.41:371][ 14]LogModuleManager: Shutting down and abandoning module AutomationController (476)
[2020.04.14-04.02.41:382][ 14]LogModuleManager: Shutting down and abandoning module AutomationWindow (474)
[2020.04.14-04.02.41:397][ 14]LogModuleManager: Shutting down and abandoning module Layers (472)
[2020.04.14-04.02.41:410][ 14]LogModuleManager: Shutting down and abandoning module ComponentVisualizers (470)
[2020.04.14-04.02.41:410][ 14]LogModuleManager: Shutting down and abandoning module DetailCustomizations (468)
[2020.04.14-04.02.41:410][ 14]LogModuleManager: Shutting down and abandoning module PackagesDialog (466)
[2020.04.14-04.02.41:418][ 14]LogModuleManager: Shutting down and abandoning module AnimationBlueprintEditor (464)
[2020.04.14-04.02.41:449][ 14]LogModuleManager: Shutting down and abandoning module Persona (462)
[2020.04.14-04.02.41:469][ 14]LogModuleManager: Shutting down and abandoning module AdvancedPreviewScene (461)
[2020.04.14-04.02.41:469][ 14]LogModuleManager: Shutting down and abandoning module AnimGraph (459)
[2020.04.14-04.02.41:469][ 14]LogModuleManager: Shutting down and abandoning module Kismet (456)
[2020.04.14-04.02.41:493][ 14]LogModuleManager: Shutting down and abandoning module GraphEditor (454)
[2020.04.14-04.02.41:523][ 14]LogModuleManager: Shutting down and abandoning module ClassViewer (452)
[2020.04.14-04.02.41:523][ 14]LogModuleManager: Shutting down and abandoning module Toolbox (450)
[2020.04.14-04.02.41:523][ 14]LogModuleManager: Shutting down and abandoning module ModuleUI (448)
[2020.04.14-04.02.41:523][ 14]LogModuleManager: Shutting down and abandoning module MovieSceneTools (446)
[2020.04.14-04.02.41:527][ 14]LogModuleManager: Shutting down and abandoning module OutputLog (444)
[2020.04.14-04.02.41:527][ 14]LogModuleManager: Shutting down and abandoning module GammaUI (442)
[2020.04.14-04.02.41:535][ 14]LogModuleManager: Shutting down and abandoning module Documentation (440)
[2020.04.14-04.02.41:535][ 14]LogModuleManager: Shutting down and abandoning module LiveCoding (438)
[2020.04.14-04.02.41:535][ 14]LogModuleManager: Shutting down and abandoning module LevelSequence (436)
[2020.04.14-04.02.41:535][ 14]LogModuleManager: Shutting down and abandoning module MovieSceneTracks (434)
[2020.04.14-04.02.41:535][ 14]LogModuleManager: Shutting down and abandoning module MovieScene (432)
[2020.04.14-04.02.41:535][ 14]LogModuleManager: Shutting down and abandoning module StreamingPauseRendering (430)
[2020.04.14-04.02.41:543][ 14]LogModuleManager: Shutting down and abandoning module LauncherPlatform (428)
[2020.04.14-04.02.41:543][ 14]LogModuleManager: Shutting down and abandoning module AnalyticsET (426)
[2020.04.14-04.02.41:543][ 14]LogModuleManager: Shutting down and abandoning module PortalServices (424)
[2020.04.14-04.02.41:543][ 14]LogModuleManager: Shutting down and abandoning module PortalRpc (422)
[2020.04.14-04.02.41:544][ 14]LogModuleManager: Shutting down and abandoning module MessagingRpc (420)
[2020.04.14-04.02.41:544][ 14]LogModuleManager: Shutting down and abandoning module AIModule (418)
[2020.04.14-04.02.41:544][ 14]LogModuleManager: Shutting down and abandoning module GameplayDebugger (417)
[2020.04.14-04.02.41:544][ 14]LogModuleManager: Shutting down and abandoning module AITestSuite (415)
[2020.04.14-04.02.41:552][ 14]LogModuleManager: Shutting down and abandoning module NavigationSystem (413)
[2020.04.14-04.02.41:552][ 14]LogModuleManager: Shutting down and abandoning module DesktopPlatform (410)
[2020.04.14-04.02.41:552][ 14]LogModuleManager: Shutting down and abandoning module ImageWriteQueue (408)
[2020.04.14-04.02.41:555][ 14]LogModuleManager: Shutting down and abandoning module ProfilerService (406)
[2020.04.14-04.02.41:660][ 14]LogModuleManager: Shutting down and abandoning module TaskGraph (404)
[2020.04.14-04.02.41:673][ 14]LogModuleManager: Shutting down and abandoning module SteamVRController (402)
[2020.04.14-04.02.41:673][ 14]LogModuleManager: Shutting down and abandoning module ProceduralMeshComponentEditor (400)
[2020.04.14-04.02.41:678][ 14]LogModuleManager: Shutting down and abandoning module ProceduralMeshComponent (398)
[2020.04.14-04.02.41:679][ 14]LogModuleManager: Shutting down and abandoning module OculusEditor (396)
[2020.04.14-04.02.41:694][ 14]LogModuleManager: Shutting down and abandoning module OculusInput (394)
[2020.04.14-04.02.41:694][ 14]LogModuleManager: Shutting down and abandoning module MobilePatchingUtils (392)
[2020.04.14-04.02.41:694][ 14]LogModuleManager: Shutting down and abandoning module EditableMesh (390)
[2020.04.14-04.02.41:695][ 14]LogModuleManager: Shutting down and abandoning module CustomMeshComponent (388)
[2020.04.14-04.02.41:695][ 14]LogModuleManager: Shutting down and abandoning module CableComponent (386)
[2020.04.14-04.02.41:706][ 14]LogModuleManager: Shutting down and abandoning module AudioCapture (384)
[2020.04.14-04.02.41:707][ 14]LogModuleManager: Shutting down and abandoning module ArchVisCharacter (382)
[2020.04.14-04.02.41:707][ 14]LogModuleManager: Shutting down and abandoning module AndroidPermission (380)
[2020.04.14-04.02.41:707][ 14]LogModuleManager: Shutting down and abandoning module NUTUnrealEngine4 (378)
[2020.04.14-04.02.41:707][ 14]LogModuleManager: Shutting down and abandoning module NetcodeUnitTest (376)
[2020.04.14-04.02.41:716][ 14]LogModuleManager: Shutting down and abandoning module MediaCompositing (374)
[2020.04.14-04.02.41:716][ 14]LogModuleManager: Shutting down and abandoning module LinearTimecode (372)
[2020.04.14-04.02.41:717][ 14]LogModuleManager: Shutting down and abandoning module ImgMedia (370)
[2020.04.14-04.02.41:717][ 14]LogModuleManager: Shutting down and abandoning module MagicLeapHelperVulkan (368)
[2020.04.14-04.02.41:717][ 14]LogModuleManager: Shutting down and abandoning module MagicLeapHelperOpenGL (366)
[2020.04.14-04.02.41:722][ 14]LogModuleManager: Shutting down and abandoning module MagicLeapAudio (364)
[2020.04.14-04.02.41:726][ 14]LogModuleManager: Shutting down and abandoning module HTML5Networking (362)
[2020.04.14-04.02.41:726][ 14]LogModuleManager: Shutting down and abandoning module GeometryCacheTracks (360)
[2020.04.14-04.02.41:726][ 14]LogModuleManager: Shutting down and abandoning module GeometryCacheSequencer (358)
[2020.04.14-04.02.41:726][ 14]LogModuleManager: Shutting down and abandoning module BackChannel (356)
[2020.04.14-04.02.41:730][ 14]LogModuleManager: Shutting down and abandoning module AppleVision (354)
[2020.04.14-04.02.41:730][ 14]LogModuleManager: Shutting down and abandoning module AppleImageUtilsBlueprintSupport (352)
[2020.04.14-04.02.41:730][ 14]LogModuleManager: Shutting down and abandoning module AppleImageUtils (350)
[2020.04.14-04.02.41:730][ 14]LogModuleManager: Shutting down and abandoning module AlembicImporter (348)
[2020.04.14-04.02.41:730][ 14]LogModuleManager: Shutting down and abandoning module AlembicLibrary (347)
[2020.04.14-04.02.41:730][ 14]LogModuleManager: Shutting down and abandoning module GeometryCache (346)
[2020.04.14-04.02.41:730][ 14]LogModuleManager: Shutting down and abandoning module GeometryCacheEd (345)
[2020.04.14-04.02.41:730][ 14]LogModuleManager: Shutting down and abandoning module VariantManagerContent (340)
[2020.04.14-04.02.41:730][ 14]LogModuleManager: Shutting down and abandoning module DatasmithContentEditor (338)
[2020.04.14-04.02.41:731][ 14]LogModuleManager: Shutting down and abandoning module SpeedTreeImporter (336)
[2020.04.14-04.02.41:731][ 14]LogModuleManager: Shutting down and abandoning module PluginBrowser (334)
[2020.04.14-04.02.41:753][ 14]LogModuleManager: Shutting down and abandoning module MobileLauncherProfileWizard (332)
[2020.04.14-04.02.41:757][ 14]LogModuleManager: Shutting down and abandoning module MaterialAnalyzer (330)
[2020.04.14-04.02.41:769][ 14]LogModuleManager: Shutting down and abandoning module CryptoKeysOpenSSL (328)
[2020.04.14-04.02.41:769][ 14]LogModuleManager: Shutting down and abandoning module CryptoKeys (326)
[2020.04.14-04.02.41:769][ 14]LogModuleManager: Shutting down and abandoning module VisualStudioSourceCodeAccess (324)
[2020.04.14-04.02.41:783][ 14]LogModuleManager: Shutting down and abandoning module VisualStudioCodeSourceCodeAccess (322)
[2020.04.14-04.02.41:783][ 14]LogModuleManager: Shutting down and abandoning module UObjectPlugin (320)
[2020.04.14-04.02.41:783][ 14]LogModuleManager: Shutting down and abandoning module SubversionSourceControl (318)
[2020.04.14-04.02.41:797][ 14]LogModuleManager: Shutting down and abandoning module PerforceSourceControl (316)
[2020.04.14-04.02.41:803][ 14]LogModuleManager: Shutting down and abandoning module GitSourceControl (314)
[2020.04.14-04.02.41:811][ 14]LogModuleManager: Shutting down and abandoning module SourceControl (313)
[2020.04.14-04.02.41:822][ 14]LogModuleManager: Shutting down and abandoning module CLionSourceCodeAccess (310)
[2020.04.14-04.02.41:822][ 14]LogModuleManager: Shutting down and abandoning module AnimationSharingEd (308)
[2020.04.14-04.02.41:822][ 14]LogModuleManager: Shutting down and abandoning module ActorLayerUtilitiesEditor (306)
[2020.04.14-04.02.41:822][ 14]LogModuleManager: Shutting down and abandoning module ActorLayerUtilities (304)
[2020.04.14-04.02.41:822][ 14]LogModuleManager: Shutting down and abandoning module LightPropagationVolumeEditor (302)
[2020.04.14-04.02.41:822][ 14]LogModuleManager: Shutting down and abandoning module PaperTiledImporter (300)
[2020.04.14-04.02.41:822][ 14]LogModuleManager: Shutting down and abandoning module PaperSpriteSheetImporter (298)
[2020.04.14-04.02.41:822][ 14]LogModuleManager: Shutting down and abandoning module Paper2DEditor (296)
[2020.04.14-04.02.41:824][ 14]LogModuleManager: Shutting down and abandoning module SignificanceManager (294)
[2020.04.14-04.02.41:824][ 14]LogModuleManager: Shutting down and abandoning module RuntimePhysXCooking (292)
[2020.04.14-04.02.41:824][ 14]LogModuleManager: Shutting down and abandoning module PhysXVehiclesEditor (290)
[2020.04.14-04.02.41:824][ 14]LogModuleManager: Shutting down and abandoning module PhysXVehicles (288)
[2020.04.14-04.02.41:824][ 14]LogModuleManager: Shutting down and abandoning module LocationServicesBPLibrary (286)
[2020.04.14-04.02.41:824][ 14]LogModuleManager: Shutting down and abandoning module ActorSequence (284)
[2020.04.14-04.02.41:824][ 14]LogModuleManager: Shutting down and abandoning module UdpMessaging (282)
[2020.04.14-04.02.41:925][ 14]LogModuleManager: Shutting down and abandoning module TcpMessaging (280)
[2020.04.14-04.02.42:062][ 14]LogModuleManager: Shutting down and abandoning module MagicLeapIdentity (278)
[2020.04.14-04.02.42:062][ 14]LogModuleManager: Shutting down and abandoning module MagicLeapSecureStorage (276)
[2020.04.14-04.02.42:062][ 14]LogModuleManager: Shutting down and abandoning module MagicLeapHandTracking (274)
[2020.04.14-04.02.42:081][ 14]LogModuleManager: Shutting down and abandoning module MagicLeapEyeTracker (272)
[2020.04.14-04.02.42:081][ 14]LogModuleManager: Shutting down and abandoning module MagicLeapController (270)
[2020.04.14-04.02.42:092][ 14]LogSlate: Slate User Destroyed.  User Index 0, Is Virtual User: 0
[2020.04.14-04.02.42:092][ 14]LogModuleManager: Shutting down and abandoning module MagicLeapAR (268)
[2020.04.14-04.02.42:092][ 14]LogModuleManager: Shutting down and abandoning module AugmentedReality (267)
[2020.04.14-04.02.42:092][ 14]LogModuleManager: Shutting down and abandoning module GameplayTagsEditor (264)
[2020.04.14-04.02.42:093][ 14]LogModuleManager: Shutting down and abandoning module FacialAnimationEditor (262)
[2020.04.14-04.02.42:093][ 14]LogModuleManager: Shutting down and abandoning module FacialAnimation (260)
[2020.04.14-04.02.42:093][ 14]LogModuleManager: Shutting down and abandoning module DataValidation (258)
[2020.04.14-04.02.42:093][ 14]LogModuleManager: Shutting down and abandoning module AssetManagerEditor (256)
[2020.04.14-04.02.42:099][ 14]LogModuleManager: Shutting down and abandoning module LevelEditor (255)
[2020.04.14-04.02.42:124][ 14]LogModuleManager: Shutting down and abandoning module PixelInspectorModule (254)
[2020.04.14-04.02.42:133][ 14]LogModuleManager: Shutting down and abandoning module CommonMenuExtensions (252)
[2020.04.14-04.02.42:134][ 14]LogModuleManager: Shutting down and abandoning module MainFrame (250)
[2020.04.14-04.02.42:134][ 14]LogModuleManager: Shutting down and abandoning module HotReload (249)
[2020.04.14-04.02.42:134][ 14]LogModuleManager: Shutting down and abandoning module ContentBrowser (245)
[2020.04.14-04.02.42:135][ 14]LogModuleManager: Shutting down and abandoning module TreeMap (243)
[2020.04.14-04.02.42:135][ 14]LogModuleManager: Shutting down and abandoning module AnimationSharing (240)
[2020.04.14-04.02.42:135][ 14]LogModuleManager: Shutting down and abandoning module LightPropagationVolumeRuntime (238)
[2020.04.14-04.02.42:135][ 14]LogModuleManager: Shutting down and abandoning module AISupportModule (236)
[2020.04.14-04.02.42:135][ 14]LogModuleManager: Shutting down and abandoning module Paper2D (234)
[2020.04.14-04.02.42:136][ 14]LogModuleManager: Shutting down and abandoning module WindowsMoviePlayer (232)
[2020.04.14-04.02.42:136][ 14]LogModuleManager: Shutting down and abandoning module WebMMoviePlayer (230)
[2020.04.14-04.02.42:144][ 14]LogModuleManager: Shutting down and abandoning module PacketHandler (228)
[2020.04.14-04.02.42:144][ 14]LogModuleManager: Shutting down and abandoning module ClothingSystemEditor (226)
[2020.04.14-04.02.42:144][ 14]LogModuleManager: Shutting down and abandoning module ClothingSystemRuntime (224)
[2020.04.14-04.02.42:173][ 14]LogModuleManager: Shutting down and abandoning module MediaAssets (222)
[2020.04.14-04.02.42:173][ 14]LogModuleManager: Shutting down and abandoning module Overlay (220)
[2020.04.14-04.02.42:173][ 14]LogModuleManager: Shutting down and abandoning module OverlayEditor (219)
[2020.04.14-04.02.42:173][ 14]LogModuleManager: Shutting down and abandoning module VREditor (216)
[2020.04.14-04.02.42:173][ 14]LogModuleManager: Shutting down and abandoning module StringTableEditor (214)
[2020.04.14-04.02.42:174][ 14]LogModuleManager: Shutting down and abandoning module GameplayTasksEditor (212)
[2020.04.14-04.02.42:174][ 14]LogModuleManager: Shutting down and abandoning module BehaviorTreeEditor (210)
[2020.04.14-04.02.42:191][ 14]LogModuleManager: Shutting down and abandoning module FunctionalTesting (208)
[2020.04.14-04.02.42:201][ 14]LogModuleManager: Shutting down and abandoning module CollisionAnalyzer (206)
[2020.04.14-04.02.42:215][ 14]LogModuleManager: Shutting down and abandoning module WorkspaceMenuStructure (205)
[2020.04.14-04.02.42:215][ 14]LogModuleManager: Shutting down and abandoning module UMG (202)
[2020.04.14-04.02.42:227][ 14]LogModuleManager: Shutting down and abandoning module UMGEditor (201)
[2020.04.14-04.02.42:243][ 14]LogModuleManager: Shutting down and abandoning module Sequencer (200)
[2020.04.14-04.02.42:258][ 14]LogModuleManager: Shutting down and abandoning module MessageLog (197)
[2020.04.14-04.02.42:259][ 14]LogModuleManager: Shutting down and abandoning module SlateReflector (192)
[2020.04.14-04.02.42:265][ 14]LogModuleManager: Shutting down and abandoning module Slate (190)
[2020.04.14-04.02.42:265][ 14]LogModuleManager: Shutting down and abandoning module EditorStyle (188)
[2020.04.14-04.02.42:266][ 14]LogModuleManager: Shutting down and abandoning module UnrealEd (186)
[2020.04.14-04.02.42:266][ 14]LogModuleManager: Shutting down and abandoning module MRMesh (184)
[2020.04.14-04.02.42:266][ 14]LogModuleManager: Shutting down and abandoning module SourceCodeAccess (182)
[2020.04.14-04.02.42:266][ 14]LogModuleManager: Shutting down and abandoning module HeadMountedDisplay (180)
[2020.04.14-04.02.42:266][ 14]LogModuleManager: Shutting down and abandoning module XAudio2 (178)
[2020.04.14-04.02.42:266][ 14]LogModuleManager: Shutting down and abandoning module Networking (176)
[2020.04.14-04.02.42:266][ 14]LogModuleManager: Shutting down and abandoning module Core (174)
[2020.04.14-04.02.42:266][ 14]LogModuleManager: Shutting down and abandoning module KismetCompiler (172)
[2020.04.14-04.02.42:266][ 14]LogModuleManager: Shutting down and abandoning module MeshUtilities (170)
[2020.04.14-04.02.42:266][ 14]LogModuleManager: Shutting down and abandoning module MeshMergeUtilities (169)
[2020.04.14-04.02.42:266][ 14]LogModuleManager: Shutting down and abandoning module MeshReductionInterface (168)
[2020.04.14-04.02.42:266][ 14]LogModuleManager: Shutting down and abandoning module SkeletalMeshReduction (167)
[2020.04.14-04.02.42:267][ 14]LogModuleManager: Shutting down and abandoning module ProxyLODMeshReduction (165)
[2020.04.14-04.02.42:272][ 14]LogModuleManager: Shutting down and abandoning module QuadricMeshReduction (163)
[2020.04.14-04.02.42:272][ 14]LogModuleManager: Shutting down and abandoning module MaterialBaking (159)
[2020.04.14-04.02.42:273][ 14]LogModuleManager: Shutting down and abandoning module DerivedDataCache (154)
[2020.04.14-04.02.42:611][ 14]LogDerivedDataCache: Shutdown
[2020.04.14-04.02.42:611][ 14]LogModuleManager: Shutting down and abandoning module XGEController (152)
[2020.04.14-04.02.42:611][ 14]LogXGEController: Cleaning working directory: C:/Users/RyzenDomeus/AppData/Local/Temp/UnrealXGEWorkingDir/
[2020.04.14-04.02.42:625][ 14]LogModuleManager: Shutting down and abandoning module TargetPlatform (150)
[2020.04.14-04.02.42:630][ 14]LogModuleManager: Shutting down and abandoning module VulkanShaderFormat (149)
[2020.04.14-04.02.42:640][ 14]LogModuleManager: Shutting down and abandoning module ShaderFormatVectorVM (147)
[2020.04.14-04.02.42:647][ 14]LogModuleManager: Shutting down and abandoning module ShaderFormatOpenGL (145)
[2020.04.14-04.02.42:658][ 14]LogModuleManager: Shutting down and abandoning module ShaderFormatD3D (143)
[2020.04.14-04.02.42:658][ 14]LogModuleManager: Shutting down and abandoning module MetalShaderFormat (141)
[2020.04.14-04.02.42:659][ 14]LogModuleManager: Shutting down and abandoning module TextureFormatUncompressed (139)
[2020.04.14-04.02.42:659][ 14]LogModuleManager: Shutting down and abandoning module TextureFormatPVR (137)
[2020.04.14-04.02.42:659][ 14]LogModuleManager: Shutting down and abandoning module TextureFormatDXT (135)
[2020.04.14-04.02.42:667][ 14]LogModuleManager: Shutting down and abandoning module TextureFormatIntelISPCTexComp (133)
[2020.04.14-04.02.42:676][ 14]LogModuleManager: Shutting down and abandoning module TextureFormatASTC (131)
[2020.04.14-04.02.42:676][ 14]LogModuleManager: Shutting down and abandoning module ImageWrapper (130)
[2020.04.14-04.02.42:676][ 14]LogModuleManager: Shutting down and abandoning module TextureFormatAndroid (127)
[2020.04.14-04.02.42:676][ 14]LogModuleManager: Shutting down and abandoning module AudioFormatOpus (125)
[2020.04.14-04.02.42:682][ 14]LogModuleManager: Shutting down and abandoning module AudioFormatOgg (123)
[2020.04.14-04.02.42:682][ 14]LogModuleManager: Shutting down and abandoning module AudioFormatADPCM (121)
[2020.04.14-04.02.42:691][ 14]LogModuleManager: Shutting down and abandoning module LuminTargetPlatform (119)
[2020.04.14-04.02.42:697][ 14]LogModuleManager: Shutting down and abandoning module LinuxTargetPlatform (117)
[2020.04.14-04.02.42:697][ 14]LogModuleManager: Shutting down and abandoning module LinuxServerTargetPlatform (115)
[2020.04.14-04.02.42:704][ 14]LogModuleManager: Shutting down and abandoning module LinuxNoEditorTargetPlatform (113)
[2020.04.14-04.02.42:711][ 14]LogModuleManager: Shutting down and abandoning module LinuxClientTargetPlatform (111)
[2020.04.14-04.02.42:721][ 14]LogModuleManager: Shutting down and abandoning module TVOSTargetPlatform (109)
[2020.04.14-04.02.42:722][ 14]LogModuleManager: Shutting down and abandoning module Messaging (107)
[2020.04.14-04.02.42:722][ 14]LogModuleManager: Shutting down and abandoning module IOSTargetPlatform (105)
[2020.04.14-04.02.42:723][ 14]LogModuleManager: Shutting down and abandoning module HTML5TargetPlatform (103)
[2020.04.14-04.02.42:723][ 14]LogModuleManager: Shutting down and abandoning module AndroidTargetPlatform (101)
[2020.04.14-04.02.42:728][ 14]LogModuleManager: Shutting down and abandoning module WindowsTargetPlatform (99)
[2020.04.14-04.02.42:728][ 14]LogModuleManager: Shutting down and abandoning module WindowsServerTargetPlatform (97)
[2020.04.14-04.02.42:728][ 14]LogModuleManager: Shutting down and abandoning module WindowsNoEditorTargetPlatform (95)
[2020.04.14-04.02.42:728][ 14]LogModuleManager: Shutting down and abandoning module WindowsClientTargetPlatform (93)
[2020.04.14-04.02.42:728][ 14]LogModuleManager: Shutting down and abandoning module MacTargetPlatform (91)
[2020.04.14-04.02.42:728][ 14]LogModuleManager: Shutting down and abandoning module MacServerTargetPlatform (89)
[2020.04.14-04.02.42:728][ 14]LogModuleManager: Shutting down and abandoning module MacNoEditorTargetPlatform (87)
[2020.04.14-04.02.42:728][ 14]LogModuleManager: Shutting down and abandoning module MacClientTargetPlatform (85)
[2020.04.14-04.02.42:728][ 14]LogModuleManager: Shutting down and abandoning module AllDesktopTargetPlatform (83)
[2020.04.14-04.02.42:728][ 14]LogModuleManager: Shutting down and abandoning module InputCore (80)
[2020.04.14-04.02.42:728][ 14]LogModuleManager: Shutting down and abandoning module Settings (78)
[2020.04.14-04.02.42:728][ 14]LogModuleManager: Shutting down and abandoning module DirectoryWatcher (76)
[2020.04.14-04.02.42:728][ 14]LogModuleManager: Shutting down and abandoning module PhysXCooking (74)
[2020.04.14-04.02.42:728][ 14]LogModuleManager: Shutting down and abandoning module SteamVR (72)
[2020.04.14-04.02.42:736][ 14]LogHMD: Freeing OpenVRDLLHandle.
[2020.04.14-04.02.42:736][ 14]LogModuleManager: Shutting down and abandoning module OculusHMD (70)
[2020.04.14-04.02.42:751][ 14]LogModuleManager: Shutting down and abandoning module ExampleDeviceProfileSelector (68)
[2020.04.14-04.02.42:751][ 14]LogModuleManager: Shutting down and abandoning module LauncherChunkInstaller (66)
[2020.04.14-04.02.42:751][ 14]LogModuleManager: Shutting down and abandoning module OnlineBlueprintSupport (64)
[2020.04.14-04.02.42:751][ 14]LogModuleManager: Shutting down and abandoning module OnlineSubsystem (60)
[2020.04.14-04.02.42:781][ 14]LogModuleManager: Shutting down and abandoning module XMPP (55)
[2020.04.14-04.02.42:792][ 14]LogModuleManager: Shutting down and abandoning module WebSockets (54)
[2020.04.14-04.02.42:843][ 14]LogModuleManager: Shutting down and abandoning module HTTP (51)
[2020.04.14-04.02.42:843][ 14]LogHttp: Display: Http module shutting down, but needs to wait on 1 outstanding Http requests:
[2020.04.14-04.02.42:843][ 14]LogHttp: Display: 	verb=[POST] url=[https://datarouter.ol.epicgames.com/datarouter/api/v1/public/data?SessionID=%7B53806920-4697-9310-F689-C3B2C1BB6FCB%7D&AppID=UEEditor.Rocket.Release&AppVersion=4.22.3-7053642%2B%2B%2BUE4%2BRelease-4.22&UserID=d22b652a4b47eccc65ff27924d18a81b%7Ce34f9e4e02234b33a88015f465e93676%7C79d3da05-255c-4e47-b458-99df35c822ea&AppEnvironment=datacollector-binary&UploadType=eteventstream] status=Processing
[2020.04.14-04.02.42:878][ 14]LogModuleManager: Shutting down and abandoning module SSL (50)
[2020.04.14-04.02.42:879][ 14]LogModuleManager: Shutting down and abandoning module WmfMedia (46)
[2020.04.14-04.02.42:887][ 14]LogModuleManager: Shutting down and abandoning module Media (45)
[2020.04.14-04.02.42:893][ 14]LogModuleManager: Shutting down and abandoning module MagicLeap (42)
[2020.04.14-04.02.42:894][ 14]LogModuleManager: Shutting down and abandoning module DatasmithContent (40)
[2020.04.14-04.02.42:894][ 14]LogModuleManager: Shutting down and abandoning module AnimationModifiers (38)
[2020.04.14-04.02.42:902][ 14]LogModuleManager: Shutting down and abandoning module PropertyEditor (37)
[2020.04.14-04.02.42:913][ 14]LogModuleManager: Shutting down and abandoning module AudioEditor (34)
[2020.04.14-04.02.42:928][ 14]LogModuleManager: Shutting down and abandoning module TextureCompressor (32)
[2020.04.14-04.02.42:942][ 14]LogModuleManager: Shutting down and abandoning module RenderCore (30)
[2020.04.14-04.02.42:942][ 14]LogModuleManager: Shutting down and abandoning module Landscape (28)
[2020.04.14-04.02.42:942][ 14]LogModuleManager: Shutting down and abandoning module SlateRHIRenderer (26)
[2020.04.14-04.02.42:963][ 14]LogModuleManager: Shutting down and abandoning module OpenGLDrv (24)
[2020.04.14-04.02.42:975][ 14]LogModuleManager: Shutting down and abandoning module D3D11RHI (22)
[2020.04.14-04.02.42:976][ 14]LogModuleManager: Shutting down and abandoning module AnimGraphRuntime (20)
[2020.04.14-04.02.42:976][ 14]LogModuleManager: Shutting down and abandoning module Renderer (18)
[2020.04.14-04.02.42:976][ 14]LogModuleManager: Shutting down and abandoning module Engine (16)
[2020.04.14-04.02.42:976][ 14]LogModuleManager: Shutting down and abandoning module CoreUObject (14)
[2020.04.14-04.02.42:976][ 14]LogModuleManager: Shutting down and abandoning module NetworkFile (12)
[2020.04.14-04.02.42:976][ 14]LogModuleManager: Shutting down and abandoning module CookedIterativeFile (10)
[2020.04.14-04.02.42:976][ 14]LogModuleManager: Shutting down and abandoning module StreamingFile (8)
[2020.04.14-04.02.42:984][ 14]LogModuleManager: Shutting down and abandoning module SandboxFile (6)
[2020.04.14-04.02.42:984][ 14]LogModuleManager: Shutting down and abandoning module PakFile (4)
[2020.04.14-04.02.42:984][ 14]LogModuleManager: Shutting down and abandoning module RSA (3)
[2020.04.14-04.02.43:009][ 14]LogExit: Exiting.
[2020.04.14-04.02.43:021][ 14]Log file closed, 04/14/20 00:02:43
